# JRE version: Java(TM) SE Runtime Environment (8.0_111-b14) (build 1.8.0_111-b14)
# Java VM: Java HotSpot(TM) 64-Bit Server VM (25.111-b14 mixed mode linux-amd64 compressed oops)
Heap:
 PSYoungGen      total 207872K, used 192K [0x00000000ebe00000, 0x00000000f8d80000, 0x0000000100000000)
  eden space 203264K, 0% used [0x00000000ebe00000,0x00000000ebe00000,0x00000000f8480000)
  from space 4608K, 4% used [0x00000000f8480000,0x00000000f84b0000,0x00000000f8900000)
  to   space 4608K, 0% used [0x00000000f8900000,0x00000000f8900000,0x00000000f8d80000)
 ParOldGen       total 42496K, used 3639K [0x00000000c3a00000, 0x00000000c6380000, 0x00000000ebe00000)
  object space 42496K, 8% used [0x00000000c3a00000,0x00000000c3d8ddb0,0x00000000c6380000)
 Metaspace       used 16009K, capacity 16246K, committed 16512K, reserved 1062912K
  class space    used 2026K, capacity 2087K, committed 2176K, reserved 1048576K
GC Heap History (10 events):
Event: 10.067 GC heap after
Heap after GC invocations=6 (full 0):
 PSYoungGen      total 67072K, used 2530K [0x00000000ebe00000, 0x00000000f0300000, 0x0000000100000000)
  eden space 63488K, 0% used [0x00000000ebe00000,0x00000000ebe00000,0x00000000efc00000)
  from space 3584K, 70% used [0x00000000eff80000,0x00000000f01f8be8,0x00000000f0300000)
  to   space 3584K, 0% used [0x00000000efc00000,0x00000000efc00000,0x00000000eff80000)
 ParOldGen       total 42496K, used 978K [0x00000000c3a00000, 0x00000000c6380000, 0x00000000ebe00000)
  object space 42496K, 2% used [0x00000000c3a00000,0x00000000c3af48e0,0x00000000c6380000)
 Metaspace       used 15571K, capacity 15766K, committed 16000K, reserved 1062912K
  class space    used 1974K, capacity 2055K, committed 2176K, reserved 1048576K
}
Event: 10.408 GC heap before
{Heap before GC invocations=7 (full 0):
 PSYoungGen      total 67072K, used 66018K [0x00000000ebe00000, 0x00000000f0300000, 0x0000000100000000)
  eden space 63488K, 100% used [0x00000000ebe00000,0x00000000efc00000,0x00000000efc00000)
  from space 3584K, 70% used [0x00000000eff80000,0x00000000f01f8be8,0x00000000f0300000)
  to   space 3584K, 0% used [0x00000000efc00000,0x00000000efc00000,0x00000000eff80000)
 ParOldGen       total 42496K, used 978K [0x00000000c3a00000, 0x00000000c6380000, 0x00000000ebe00000)
  object space 42496K, 2% used [0x00000000c3a00000,0x00000000c3af48e0,0x00000000c6380000)
 Metaspace       used 15651K, capacity 15830K, committed 16256K, reserved 1062912K
  class space    used 1982K, capacity 2055K, committed 2176K, reserved 1048576K
Event: 10.434 GC heap after
Heap after GC invocations=7 (full 0):
 PSYoungGen      total 67072K, used 192K [0x00000000ebe00000, 0x00000000f4200000, 0x0000000100000000)
  eden space 63488K, 0% used [0x00000000ebe00000,0x00000000ebe00000,0x00000000efc00000)
  from space 3584K, 5% used [0x00000000efc00000,0x00000000efc30000,0x00000000eff80000)
  to   space 4096K, 0% used [0x00000000f3e00000,0x00000000f3e00000,0x00000000f4200000)
 ParOldGen       total 42496K, used 3418K [0x00000000c3a00000, 0x00000000c6380000, 0x00000000ebe00000)
  object space 42496K, 8% used [0x00000000c3a00000,0x00000000c3d56b50,0x00000000c6380000)
 Metaspace       used 15651K, capacity 15830K, committed 16256K, reserved 1062912K
  class space    used 1982K, capacity 2055K, committed 2176K, reserved 1048576K
}
Event: 10.752 GC heap before
{Heap before GC invocations=8 (full 0):
 PSYoungGen      total 67072K, used 63680K [0x00000000ebe00000, 0x00000000f4200000, 0x0000000100000000)
  eden space 63488K, 100% used [0x00000000ebe00000,0x00000000efc00000,0x00000000efc00000)
  from space 3584K, 5% used [0x00000000efc00000,0x00000000efc30000,0x00000000eff80000)
  to   space 4096K, 0% used [0x00000000f3e00000,0x00000000f3e00000,0x00000000f4200000)
 ParOldGen       total 42496K, used 3418K [0x00000000c3a00000, 0x00000000c6380000, 0x00000000ebe00000)
  object space 42496K, 8% used [0x00000000c3a00000,0x00000000c3d56b50,0x00000000c6380000)
 Metaspace       used 15660K, capacity 15830K, committed 16256K, reserved 1062912K
  class space    used 1983K, capacity 2055K, committed 2176K, reserved 1048576K
Event: 10.758 GC heap after
Heap after GC invocations=8 (full 0):
 PSYoungGen      total 131072K, used 128K [0x00000000ebe00000, 0x00000000f4200000, 0x0000000100000000)
  eden space 126976K, 0% used [0x00000000ebe00000,0x00000000ebe00000,0x00000000f3a00000)
  from space 4096K, 3% used [0x00000000f3e00000,0x00000000f3e20000,0x00000000f4200000)
  to   space 4096K, 0% used [0x00000000f3a00000,0x00000000f3a00000,0x00000000f3e00000)
 ParOldGen       total 42496K, used 3475K [0x00000000c3a00000, 0x00000000c6380000, 0x00000000ebe00000)
  object space 42496K, 8% used [0x00000000c3a00000,0x00000000c3d64ed0,0x00000000c6380000)
 Metaspace       used 15660K, capacity 15830K, committed 16256K, reserved 1062912K
  class space    used 1983K, capacity 2055K, committed 2176K, reserved 1048576K
}
Event: 12.056 GC heap before
{Heap before GC invocations=9 (full 0):
 PSYoungGen      total 131072K, used 127104K [0x00000000ebe00000, 0x00000000f4200000, 0x0000000100000000)
  eden space 126976K, 100% used [0x00000000ebe00000,0x00000000f3a00000,0x00000000f3a00000)
  from space 4096K, 3% used [0x00000000f3e00000,0x00000000f3e20000,0x00000000f4200000)
  to   space 4096K, 0% used [0x00000000f3a00000,0x00000000f3a00000,0x00000000f3e00000)
 ParOldGen       total 42496K, used 3475K [0x00000000c3a00000, 0x00000000c6380000, 0x00000000ebe00000)
  object space 42496K, 8% used [0x00000000c3a00000,0x00000000c3d64ed0,0x00000000c6380000)
 Metaspace       used 15898K, capacity 16118K, committed 16512K, reserved 1062912K
  class space    used 2026K, capacity 2087K, committed 2176K, reserved 1048576K
Event: 12.061 GC heap after
Heap after GC invocations=9 (full 0):
 PSYoungGen      total 131072K, used 192K [0x00000000ebe00000, 0x00000000f8d80000, 0x0000000100000000)
  eden space 126976K, 0% used [0x00000000ebe00000,0x00000000ebe00000,0x00000000f3a00000)
  from space 4096K, 4% used [0x00000000f3a00000,0x00000000f3a30000,0x00000000f3e00000)
  to   space 4608K, 0% used [0x00000000f8900000,0x00000000f8900000,0x00000000f8d80000)
 ParOldGen       total 42496K, used 3507K [0x00000000c3a00000, 0x00000000c6380000, 0x00000000ebe00000)
  object space 42496K, 8% used [0x00000000c3a00000,0x00000000c3d6ced0,0x00000000c6380000)
 Metaspace       used 15898K, capacity 16118K, committed 16512K, reserved 1062912K
  class space    used 2026K, capacity 2087K, committed 2176K, reserved 1048576K
}
Event: 12.774 GC heap before
{Heap before GC invocations=10 (full 0):
 PSYoungGen      total 131072K, used 127168K [0x00000000ebe00000, 0x00000000f8d80000, 0x0000000100000000)
  eden space 126976K, 100% used [0x00000000ebe00000,0x00000000f3a00000,0x00000000f3a00000)
  from space 4096K, 4% used [0x00000000f3a00000,0x00000000f3a30000,0x00000000f3e00000)
  to   space 4608K, 0% used [0x00000000f8900000,0x00000000f8900000,0x00000000f8d80000)
 ParOldGen       total 42496K, used 3507K [0x00000000c3a00000, 0x00000000c6380000, 0x00000000ebe00000)
  object space 42496K, 8% used [0x00000000c3a00000,0x00000000c3d6ced0,0x00000000c6380000)
 Metaspace       used 15958K, capacity 16182K, committed 16512K, reserved 1062912K
  class space    used 2026K, capacity 2087K, committed 2176K, reserved 1048576K
Event: 12.782 GC heap after
Heap after GC invocations=10 (full 0):
 PSYoungGen      total 207872K, used 192K [0x00000000ebe00000, 0x00000000f8d80000, 0x0000000100000000)
  eden space 203264K, 0% used [0x00000000ebe00000,0x00000000ebe00000,0x00000000f8480000)
  from space 4608K, 4% used [0x00000000f8900000,0x00000000f8930000,0x00000000f8d80000)
  to   space 4608K, 0% used [0x00000000f8480000,0x00000000f8480000,0x00000000f8900000)
 ParOldGen       total 42496K, used 3531K [0x00000000c3a00000, 0x00000000c6380000, 0x00000000ebe00000)
  object space 42496K, 8% used [0x00000000c3a00000,0x00000000c3d72ed0,0x00000000c6380000)
 Metaspace       used 15958K, capacity 16182K, committed 16512K, reserved 1062912K
  class space    used 2026K, capacity 2087K, committed 2176K, reserved 1048576K
}
Event: 14.320 GC heap before
{Heap before GC invocations=11 (full 0):
 PSYoungGen      total 207872K, used 203456K [0x00000000ebe00000, 0x00000000f8d80000, 0x0000000100000000)
  eden space 203264K, 100% used [0x00000000ebe00000,0x00000000f8480000,0x00000000f8480000)
  from space 4608K, 4% used [0x00000000f8900000,0x00000000f8930000,0x00000000f8d80000)
  to   space 4608K, 0% used [0x00000000f8480000,0x00000000f8480000,0x00000000f8900000)
 ParOldGen       total 42496K, used 3531K [0x00000000c3a00000, 0x00000000c6380000, 0x00000000ebe00000)
  object space 42496K, 8% used [0x00000000c3a00000,0x00000000c3d72ed0,0x00000000c6380000)
 Metaspace       used 16009K, capacity 16246K, committed 16512K, reserved 1062912K
  class space    used 2026K, capacity 2087K, committed 2176K, reserved 1048576K

