# JRE version: Java(TM) SE Runtime Environment (8.0_111-b14) (build 1.8.0_111-b14)
# Java VM: Java HotSpot(TM) 64-Bit Server VM (25.111-b14 mixed mode linux-amd64 compressed oops)
Heap:
 PSYoungGen      total 207872K, used 160K [0x00000000ebe00000, 0x00000000f8d80000, 0x0000000100000000)
  eden space 203264K, 0% used [0x00000000ebe00000,0x00000000ebe00000,0x00000000f8480000)
  from space 4608K, 3% used [0x00000000f8480000,0x00000000f84a8000,0x00000000f8900000)
  to   space 4608K, 0% used [0x00000000f8900000,0x00000000f8900000,0x00000000f8d80000)
 ParOldGen       total 42496K, used 3890K [0x00000000c3a00000, 0x00000000c6380000, 0x00000000ebe00000)
  object space 42496K, 9% used [0x00000000c3a00000,0x00000000c3dccac0,0x00000000c6380000)
 Metaspace       used 16703K, capacity 16908K, committed 17152K, reserved 1064960K
  class space    used 2144K, capacity 2226K, committed 2304K, reserved 1048576K
GC Heap History (10 events):
Event: 12.653 GC heap after
Heap after GC invocations=6 (full 0):
 PSYoungGen      total 67072K, used 2800K [0x00000000ebe00000, 0x00000000f0300000, 0x0000000100000000)
  eden space 63488K, 0% used [0x00000000ebe00000,0x00000000ebe00000,0x00000000efc00000)
  from space 3584K, 78% used [0x00000000eff80000,0x00000000f023c3c8,0x00000000f0300000)
  to   space 3584K, 0% used [0x00000000efc00000,0x00000000efc00000,0x00000000eff80000)
 ParOldGen       total 42496K, used 976K [0x00000000c3a00000, 0x00000000c6380000, 0x00000000ebe00000)
  object space 42496K, 2% used [0x00000000c3a00000,0x00000000c3af4360,0x00000000c6380000)
 Metaspace       used 16254K, capacity 16460K, committed 16896K, reserved 1064960K
  class space    used 2121K, capacity 2226K, committed 2304K, reserved 1048576K
}
Event: 13.423 GC heap before
{Heap before GC invocations=7 (full 0):
 PSYoungGen      total 67072K, used 66288K [0x00000000ebe00000, 0x00000000f0300000, 0x0000000100000000)
  eden space 63488K, 100% used [0x00000000ebe00000,0x00000000efc00000,0x00000000efc00000)
  from space 3584K, 78% used [0x00000000eff80000,0x00000000f023c3c8,0x00000000f0300000)
  to   space 3584K, 0% used [0x00000000efc00000,0x00000000efc00000,0x00000000eff80000)
 ParOldGen       total 42496K, used 976K [0x00000000c3a00000, 0x00000000c6380000, 0x00000000ebe00000)
  object space 42496K, 2% used [0x00000000c3a00000,0x00000000c3af4360,0x00000000c6380000)
 Metaspace       used 16385K, capacity 16588K, committed 16896K, reserved 1064960K
  class space    used 2136K, capacity 2226K, committed 2304K, reserved 1048576K
Event: 13.445 GC heap after
Heap after GC invocations=7 (full 0):
 PSYoungGen      total 67072K, used 384K [0x00000000ebe00000, 0x00000000f4200000, 0x0000000100000000)
  eden space 63488K, 0% used [0x00000000ebe00000,0x00000000ebe00000,0x00000000efc00000)
  from space 3584K, 10% used [0x00000000efc00000,0x00000000efc60000,0x00000000eff80000)
  to   space 4096K, 0% used [0x00000000f3e00000,0x00000000f3e00000,0x00000000f4200000)
 ParOldGen       total 42496K, used 3401K [0x00000000c3a00000, 0x00000000c6380000, 0x00000000ebe00000)
  object space 42496K, 8% used [0x00000000c3a00000,0x00000000c3d52740,0x00000000c6380000)
 Metaspace       used 16385K, capacity 16588K, committed 16896K, reserved 1064960K
  class space    used 2136K, capacity 2226K, committed 2304K, reserved 1048576K
}
Event: 13.967 GC heap before
{Heap before GC invocations=8 (full 0):
 PSYoungGen      total 67072K, used 63872K [0x00000000ebe00000, 0x00000000f4200000, 0x0000000100000000)
  eden space 63488K, 100% used [0x00000000ebe00000,0x00000000efc00000,0x00000000efc00000)
  from space 3584K, 10% used [0x00000000efc00000,0x00000000efc60000,0x00000000eff80000)
  to   space 4096K, 0% used [0x00000000f3e00000,0x00000000f3e00000,0x00000000f4200000)
 ParOldGen       total 42496K, used 3401K [0x00000000c3a00000, 0x00000000c6380000, 0x00000000ebe00000)
  object space 42496K, 8% used [0x00000000c3a00000,0x00000000c3d52740,0x00000000c6380000)
 Metaspace       used 16445K, capacity 16652K, committed 16896K, reserved 1064960K
  class space    used 2136K, capacity 2226K, committed 2304K, reserved 1048576K
Event: 13.972 GC heap after
Heap after GC invocations=8 (full 0):
 PSYoungGen      total 131072K, used 320K [0x00000000ebe00000, 0x00000000f4200000, 0x0000000100000000)
  eden space 126976K, 0% used [0x00000000ebe00000,0x00000000ebe00000,0x00000000f3a00000)
  from space 4096K, 7% used [0x00000000f3e00000,0x00000000f3e50000,0x00000000f4200000)
  to   space 4096K, 0% used [0x00000000f3a00000,0x00000000f3a00000,0x00000000f3e00000)
 ParOldGen       total 42496K, used 3442K [0x00000000c3a00000, 0x00000000c6380000, 0x00000000ebe00000)
  object space 42496K, 8% used [0x00000000c3a00000,0x00000000c3d5cac0,0x00000000c6380000)
 Metaspace       used 16445K, capacity 16652K, committed 16896K, reserved 1064960K
  class space    used 2136K, capacity 2226K, committed 2304K, reserved 1048576K
}
Event: 15.493 GC heap before
{Heap before GC invocations=9 (full 0):
 PSYoungGen      total 131072K, used 127296K [0x00000000ebe00000, 0x00000000f4200000, 0x0000000100000000)
  eden space 126976K, 100% used [0x00000000ebe00000,0x00000000f3a00000,0x00000000f3a00000)
  from space 4096K, 7% used [0x00000000f3e00000,0x00000000f3e50000,0x00000000f4200000)
  to   space 4096K, 0% used [0x00000000f3a00000,0x00000000f3a00000,0x00000000f3e00000)
 ParOldGen       total 42496K, used 3442K [0x00000000c3a00000, 0x00000000c6380000, 0x00000000ebe00000)
  object space 42496K, 8% used [0x00000000c3a00000,0x00000000c3d5cac0,0x00000000c6380000)
 Metaspace       used 16641K, capacity 16844K, committed 17152K, reserved 1064960K
  class space    used 2143K, capacity 2226K, committed 2304K, reserved 1048576K
Event: 15.693 GC heap after
Heap after GC invocations=9 (full 0):
 PSYoungGen      total 131072K, used 352K [0x00000000ebe00000, 0x00000000f8d80000, 0x0000000100000000)
  eden space 126976K, 0% used [0x00000000ebe00000,0x00000000ebe00000,0x00000000f3a00000)
  from space 4096K, 8% used [0x00000000f3a00000,0x00000000f3a58000,0x00000000f3e00000)
  to   space 4608K, 0% used [0x00000000f8900000,0x00000000f8900000,0x00000000f8d80000)
 ParOldGen       total 42496K, used 3666K [0x00000000c3a00000, 0x00000000c6380000, 0x00000000ebe00000)
  object space 42496K, 8% used [0x00000000c3a00000,0x00000000c3d94ac0,0x00000000c6380000)
 Metaspace       used 16641K, capacity 16844K, committed 17152K, reserved 1064960K
  class space    used 2143K, capacity 2226K, committed 2304K, reserved 1048576K
}
Event: 17.063 GC heap before
{Heap before GC invocations=10 (full 0):
 PSYoungGen      total 131072K, used 127328K [0x00000000ebe00000, 0x00000000f8d80000, 0x0000000100000000)
  eden space 126976K, 100% used [0x00000000ebe00000,0x00000000f3a00000,0x00000000f3a00000)
  from space 4096K, 8% used [0x00000000f3a00000,0x00000000f3a58000,0x00000000f3e00000)
  to   space 4608K, 0% used [0x00000000f8900000,0x00000000f8900000,0x00000000f8d80000)
 ParOldGen       total 42496K, used 3666K [0x00000000c3a00000, 0x00000000c6380000, 0x00000000ebe00000)
  object space 42496K, 8% used [0x00000000c3a00000,0x00000000c3d94ac0,0x00000000c6380000)
 Metaspace       used 16672K, capacity 16844K, committed 17152K, reserved 1064960K
  class space    used 2143K, capacity 2226K, committed 2304K, reserved 1048576K
Event: 17.082 GC heap after
Heap after GC invocations=10 (full 0):
 PSYoungGen      total 207872K, used 256K [0x00000000ebe00000, 0x00000000f8d80000, 0x0000000100000000)
  eden space 203264K, 0% used [0x00000000ebe00000,0x00000000ebe00000,0x00000000f8480000)
  from space 4608K, 5% used [0x00000000f8900000,0x00000000f8940000,0x00000000f8d80000)
  to   space 4608K, 0% used [0x00000000f8480000,0x00000000f8480000,0x00000000f8900000)
 ParOldGen       total 42496K, used 3714K [0x00000000c3a00000, 0x00000000c6380000, 0x00000000ebe00000)
  object space 42496K, 8% used [0x00000000c3a00000,0x00000000c3da0ac0,0x00000000c6380000)
 Metaspace       used 16672K, capacity 16844K, committed 17152K, reserved 1064960K
  class space    used 2143K, capacity 2226K, committed 2304K, reserved 1048576K
}
Event: 19.235 GC heap before
{Heap before GC invocations=11 (full 0):
 PSYoungGen      total 207872K, used 203520K [0x00000000ebe00000, 0x00000000f8d80000, 0x0000000100000000)
  eden space 203264K, 100% used [0x00000000ebe00000,0x00000000f8480000,0x00000000f8480000)
  from space 4608K, 5% used [0x00000000f8900000,0x00000000f8940000,0x00000000f8d80000)
  to   space 4608K, 0% used [0x00000000f8480000,0x00000000f8480000,0x00000000f8900000)
 ParOldGen       total 42496K, used 3714K [0x00000000c3a00000, 0x00000000c6380000, 0x00000000ebe00000)
  object space 42496K, 8% used [0x00000000c3a00000,0x00000000c3da0ac0,0x00000000c6380000)
 Metaspace       used 16703K, capacity 16908K, committed 17152K, reserved 1064960K
  class space    used 2144K, capacity 2226K, committed 2304K, reserved 1048576K

