# JRE version: Java(TM) SE Runtime Environment (8.0_111-b14) (build 1.8.0_111-b14)
# Java VM: Java HotSpot(TM) 64-Bit Server VM (25.111-b14 mixed mode linux-amd64 compressed oops)
Heap:
 PSYoungGen      total 207872K, used 32K [0x00000000ebe00000, 0x00000000f8d80000, 0x0000000100000000)
  eden space 203264K, 0% used [0x00000000ebe00000,0x00000000ebe00000,0x00000000f8480000)
  from space 4608K, 0% used [0x00000000f8480000,0x00000000f8488000,0x00000000f8900000)
  to   space 4608K, 0% used [0x00000000f8900000,0x00000000f8900000,0x00000000f8d80000)
 ParOldGen       total 42496K, used 3536K [0x00000000c3a00000, 0x00000000c6380000, 0x00000000ebe00000)
  object space 42496K, 8% used [0x00000000c3a00000,0x00000000c3d741c8,0x00000000c6380000)
 Metaspace       used 15145K, capacity 15364K, committed 15616K, reserved 1062912K
  class space    used 1905K, capacity 1964K, committed 2048K, reserved 1048576K
GC Heap History (10 events):
Event: 7.161 GC heap after
Heap after GC invocations=6 (full 0):
 PSYoungGen      total 67072K, used 2546K [0x00000000ebe00000, 0x00000000f0300000, 0x0000000100000000)
  eden space 63488K, 0% used [0x00000000ebe00000,0x00000000ebe00000,0x00000000efc00000)
  from space 3584K, 71% used [0x00000000eff80000,0x00000000f01fcbe8,0x00000000f0300000)
  to   space 3584K, 0% used [0x00000000efc00000,0x00000000efc00000,0x00000000eff80000)
 ParOldGen       total 42496K, used 999K [0x00000000c3a00000, 0x00000000c6380000, 0x00000000ebe00000)
  object space 42496K, 2% used [0x00000000c3a00000,0x00000000c3af9f88,0x00000000c6380000)
 Metaspace       used 15120K, capacity 15364K, committed 15616K, reserved 1062912K
  class space    used 1905K, capacity 1964K, committed 2048K, reserved 1048576K
}
Event: 7.815 GC heap before
{Heap before GC invocations=7 (full 0):
 PSYoungGen      total 67072K, used 66034K [0x00000000ebe00000, 0x00000000f0300000, 0x0000000100000000)
  eden space 63488K, 100% used [0x00000000ebe00000,0x00000000efc00000,0x00000000efc00000)
  from space 3584K, 71% used [0x00000000eff80000,0x00000000f01fcbe8,0x00000000f0300000)
  to   space 3584K, 0% used [0x00000000efc00000,0x00000000efc00000,0x00000000eff80000)
 ParOldGen       total 42496K, used 999K [0x00000000c3a00000, 0x00000000c6380000, 0x00000000ebe00000)
  object space 42496K, 2% used [0x00000000c3a00000,0x00000000c3af9f88,0x00000000c6380000)
 Metaspace       used 15131K, capacity 15364K, committed 15616K, reserved 1062912K
  class space    used 1905K, capacity 1964K, committed 2048K, reserved 1048576K
Event: 7.834 GC heap after
Heap after GC invocations=7 (full 0):
 PSYoungGen      total 67072K, used 128K [0x00000000ebe00000, 0x00000000f4200000, 0x0000000100000000)
  eden space 63488K, 0% used [0x00000000ebe00000,0x00000000ebe00000,0x00000000efc00000)
  from space 3584K, 3% used [0x00000000efc00000,0x00000000efc20000,0x00000000eff80000)
  to   space 4096K, 0% used [0x00000000f3e00000,0x00000000f3e00000,0x00000000f4200000)
 ParOldGen       total 42496K, used 3488K [0x00000000c3a00000, 0x00000000c6380000, 0x00000000ebe00000)
  object space 42496K, 8% used [0x00000000c3a00000,0x00000000c3d681c8,0x00000000c6380000)
 Metaspace       used 15131K, capacity 15364K, committed 15616K, reserved 1062912K
  class space    used 1905K, capacity 1964K, committed 2048K, reserved 1048576K
}
Event: 8.066 GC heap before
{Heap before GC invocations=8 (full 0):
 PSYoungGen      total 67072K, used 63616K [0x00000000ebe00000, 0x00000000f4200000, 0x0000000100000000)
  eden space 63488K, 100% used [0x00000000ebe00000,0x00000000efc00000,0x00000000efc00000)
  from space 3584K, 3% used [0x00000000efc00000,0x00000000efc20000,0x00000000eff80000)
  to   space 4096K, 0% used [0x00000000f3e00000,0x00000000f3e00000,0x00000000f4200000)
 ParOldGen       total 42496K, used 3488K [0x00000000c3a00000, 0x00000000c6380000, 0x00000000ebe00000)
  object space 42496K, 8% used [0x00000000c3a00000,0x00000000c3d681c8,0x00000000c6380000)
 Metaspace       used 15137K, capacity 15364K, committed 15616K, reserved 1062912K
  class space    used 1905K, capacity 1964K, committed 2048K, reserved 1048576K
Event: 8.069 GC heap after
Heap after GC invocations=8 (full 0):
 PSYoungGen      total 131072K, used 32K [0x00000000ebe00000, 0x00000000f4200000, 0x0000000100000000)
  eden space 126976K, 0% used [0x00000000ebe00000,0x00000000ebe00000,0x00000000f3a00000)
  from space 4096K, 0% used [0x00000000f3e00000,0x00000000f3e08000,0x00000000f4200000)
  to   space 4096K, 0% used [0x00000000f3a00000,0x00000000f3a00000,0x00000000f3e00000)
 ParOldGen       total 42496K, used 3512K [0x00000000c3a00000, 0x00000000c6380000, 0x00000000ebe00000)
  object space 42496K, 8% used [0x00000000c3a00000,0x00000000c3d6e1c8,0x00000000c6380000)
 Metaspace       used 15137K, capacity 15364K, committed 15616K, reserved 1062912K
  class space    used 1905K, capacity 1964K, committed 2048K, reserved 1048576K
}
Event: 8.431 GC heap before
{Heap before GC invocations=9 (full 0):
 PSYoungGen      total 131072K, used 127008K [0x00000000ebe00000, 0x00000000f4200000, 0x0000000100000000)
  eden space 126976K, 100% used [0x00000000ebe00000,0x00000000f3a00000,0x00000000f3a00000)
  from space 4096K, 0% used [0x00000000f3e00000,0x00000000f3e08000,0x00000000f4200000)
  to   space 4096K, 0% used [0x00000000f3a00000,0x00000000f3a00000,0x00000000f3e00000)
 ParOldGen       total 42496K, used 3512K [0x00000000c3a00000, 0x00000000c6380000, 0x00000000ebe00000)
  object space 42496K, 8% used [0x00000000c3a00000,0x00000000c3d6e1c8,0x00000000c6380000)
 Metaspace       used 15139K, capacity 15364K, committed 15616K, reserved 1062912K
  class space    used 1905K, capacity 1964K, committed 2048K, reserved 1048576K
Event: 8.434 GC heap after
Heap after GC invocations=9 (full 0):
 PSYoungGen      total 131072K, used 32K [0x00000000ebe00000, 0x00000000f8d80000, 0x0000000100000000)
  eden space 126976K, 0% used [0x00000000ebe00000,0x00000000ebe00000,0x00000000f3a00000)
  from space 4096K, 0% used [0x00000000f3a00000,0x00000000f3a08000,0x00000000f3e00000)
  to   space 4608K, 0% used [0x00000000f8900000,0x00000000f8900000,0x00000000f8d80000)
 ParOldGen       total 42496K, used 3528K [0x00000000c3a00000, 0x00000000c6380000, 0x00000000ebe00000)
  object space 42496K, 8% used [0x00000000c3a00000,0x00000000c3d721c8,0x00000000c6380000)
 Metaspace       used 15139K, capacity 15364K, committed 15616K, reserved 1062912K
  class space    used 1905K, capacity 1964K, committed 2048K, reserved 1048576K
}
Event: 8.637 GC heap before
{Heap before GC invocations=10 (full 0):
 PSYoungGen      total 131072K, used 127008K [0x00000000ebe00000, 0x00000000f8d80000, 0x0000000100000000)
  eden space 126976K, 100% used [0x00000000ebe00000,0x00000000f3a00000,0x00000000f3a00000)
  from space 4096K, 0% used [0x00000000f3a00000,0x00000000f3a08000,0x00000000f3e00000)
  to   space 4608K, 0% used [0x00000000f8900000,0x00000000f8900000,0x00000000f8d80000)
 ParOldGen       total 42496K, used 3528K [0x00000000c3a00000, 0x00000000c6380000, 0x00000000ebe00000)
  object space 42496K, 8% used [0x00000000c3a00000,0x00000000c3d721c8,0x00000000c6380000)
 Metaspace       used 15139K, capacity 15364K, committed 15616K, reserved 1062912K
  class space    used 1905K, capacity 1964K, committed 2048K, reserved 1048576K
Event: 8.694 GC heap after
Heap after GC invocations=10 (full 0):
 PSYoungGen      total 207872K, used 64K [0x00000000ebe00000, 0x00000000f8d80000, 0x0000000100000000)
  eden space 203264K, 0% used [0x00000000ebe00000,0x00000000ebe00000,0x00000000f8480000)
  from space 4608K, 1% used [0x00000000f8900000,0x00000000f8910000,0x00000000f8d80000)
  to   space 4608K, 0% used [0x00000000f8480000,0x00000000f8480000,0x00000000f8900000)
 ParOldGen       total 42496K, used 3536K [0x00000000c3a00000, 0x00000000c6380000, 0x00000000ebe00000)
  object space 42496K, 8% used [0x00000000c3a00000,0x00000000c3d741c8,0x00000000c6380000)
 Metaspace       used 15139K, capacity 15364K, committed 15616K, reserved 1062912K
  class space    used 1905K, capacity 1964K, committed 2048K, reserved 1048576K
}
Event: 9.527 GC heap before
{Heap before GC invocations=11 (full 0):
 PSYoungGen      total 207872K, used 203328K [0x00000000ebe00000, 0x00000000f8d80000, 0x0000000100000000)
  eden space 203264K, 100% used [0x00000000ebe00000,0x00000000f8480000,0x00000000f8480000)
  from space 4608K, 1% used [0x00000000f8900000,0x00000000f8910000,0x00000000f8d80000)
  to   space 4608K, 0% used [0x00000000f8480000,0x00000000f8480000,0x00000000f8900000)
 ParOldGen       total 42496K, used 3536K [0x00000000c3a00000, 0x00000000c6380000, 0x00000000ebe00000)
  object space 42496K, 8% used [0x00000000c3a00000,0x00000000c3d741c8,0x00000000c6380000)
 Metaspace       used 15145K, capacity 15364K, committed 15616K, reserved 1062912K
  class space    used 1905K, capacity 1964K, committed 2048K, reserved 1048576K

