# JRE version: Java(TM) SE Runtime Environment (8.0_111-b14) (build 1.8.0_111-b14)
# Java VM: Java HotSpot(TM) 64-Bit Server VM (25.111-b14 mixed mode linux-amd64 compressed oops)
Heap:
 PSYoungGen      total 131584K, used 160K [0x00000000ebe00000, 0x00000000f4300000, 0x0000000100000000)
  eden space 126976K, 0% used [0x00000000ebe00000,0x00000000ebe00000,0x00000000f3a00000)
  from space 4608K, 3% used [0x00000000f3a00000,0x00000000f3a28000,0x00000000f3e80000)
  to   space 4608K, 0% used [0x00000000f3e80000,0x00000000f3e80000,0x00000000f4300000)
 ParOldGen       total 42496K, used 3865K [0x00000000c3a00000, 0x00000000c6380000, 0x00000000ebe00000)
  object space 42496K, 9% used [0x00000000c3a00000,0x00000000c3dc6780,0x00000000c6380000)
 Metaspace       used 17078K, capacity 17302K, committed 17664K, reserved 1064960K
  class space    used 2107K, capacity 2183K, committed 2304K, reserved 1048576K
GC Heap History (10 events):
Event: 46.513 GC heap after
Heap after GC invocations=4 (full 0):
 PSYoungGen      total 34304K, used 2528K [0x00000000ebe00000, 0x00000000ee200000, 0x0000000100000000)
  eden space 31744K, 0% used [0x00000000ebe00000,0x00000000ebe00000,0x00000000edd00000)
  from space 2560K, 98% used [0x00000000edf80000,0x00000000ee1f83b8,0x00000000ee200000)
  to   space 2560K, 0% used [0x00000000edd00000,0x00000000edd00000,0x00000000edf80000)
 ParOldGen       total 42496K, used 1338K [0x00000000c3a00000, 0x00000000c6380000, 0x00000000ebe00000)
  object space 42496K, 3% used [0x00000000c3a00000,0x00000000c3b4eb30,0x00000000c6380000)
 Metaspace       used 17038K, capacity 17238K, committed 17664K, reserved 1064960K
  class space    used 2107K, capacity 2183K, committed 2304K, reserved 1048576K
}
Event: 47.744 GC heap before
{Heap before GC invocations=5 (full 0):
 PSYoungGen      total 34304K, used 34272K [0x00000000ebe00000, 0x00000000ee200000, 0x0000000100000000)
  eden space 31744K, 100% used [0x00000000ebe00000,0x00000000edd00000,0x00000000edd00000)
  from space 2560K, 98% used [0x00000000edf80000,0x00000000ee1f83b8,0x00000000ee200000)
  to   space 2560K, 0% used [0x00000000edd00000,0x00000000edd00000,0x00000000edf80000)
 ParOldGen       total 42496K, used 1338K [0x00000000c3a00000, 0x00000000c6380000, 0x00000000ebe00000)
  object space 42496K, 3% used [0x00000000c3a00000,0x00000000c3b4eb30,0x00000000c6380000)
 Metaspace       used 17055K, capacity 17238K, committed 17664K, reserved 1064960K
  class space    used 2107K, capacity 2183K, committed 2304K, reserved 1048576K
Event: 47.781 GC heap after
Heap after GC invocations=5 (full 0):
 PSYoungGen      total 34304K, used 2530K [0x00000000ebe00000, 0x00000000f0400000, 0x0000000100000000)
  eden space 31744K, 0% used [0x00000000ebe00000,0x00000000ebe00000,0x00000000edd00000)
  from space 2560K, 98% used [0x00000000edd00000,0x00000000edf78be8,0x00000000edf80000)
  to   space 4096K, 0% used [0x00000000f0000000,0x00000000f0000000,0x00000000f0400000)
 ParOldGen       total 42496K, used 1354K [0x00000000c3a00000, 0x00000000c6380000, 0x00000000ebe00000)
  object space 42496K, 3% used [0x00000000c3a00000,0x00000000c3b52b30,0x00000000c6380000)
 Metaspace       used 17055K, capacity 17238K, committed 17664K, reserved 1064960K
  class space    used 2107K, capacity 2183K, committed 2304K, reserved 1048576K
}
Event: 48.691 GC heap before
{Heap before GC invocations=6 (full 0):
 PSYoungGen      total 34304K, used 34274K [0x00000000ebe00000, 0x00000000f0400000, 0x0000000100000000)
  eden space 31744K, 100% used [0x00000000ebe00000,0x00000000edd00000,0x00000000edd00000)
  from space 2560K, 98% used [0x00000000edd00000,0x00000000edf78be8,0x00000000edf80000)
  to   space 4096K, 0% used [0x00000000f0000000,0x00000000f0000000,0x00000000f0400000)
 ParOldGen       total 42496K, used 1354K [0x00000000c3a00000, 0x00000000c6380000, 0x00000000ebe00000)
  object space 42496K, 3% used [0x00000000c3a00000,0x00000000c3b52b30,0x00000000c6380000)
 Metaspace       used 17063K, capacity 17238K, committed 17664K, reserved 1064960K
  class space    used 2107K, capacity 2183K, committed 2304K, reserved 1048576K
Event: 48.737 GC heap after
Heap after GC invocations=6 (full 0):
 PSYoungGen      total 67584K, used 2546K [0x00000000ebe00000, 0x00000000f0400000, 0x0000000100000000)
  eden space 63488K, 0% used [0x00000000ebe00000,0x00000000ebe00000,0x00000000efc00000)
  from space 4096K, 62% used [0x00000000f0000000,0x00000000f027cbd8,0x00000000f0400000)
  to   space 4096K, 0% used [0x00000000efc00000,0x00000000efc00000,0x00000000f0000000)
 ParOldGen       total 42496K, used 1362K [0x00000000c3a00000, 0x00000000c6380000, 0x00000000ebe00000)
  object space 42496K, 3% used [0x00000000c3a00000,0x00000000c3b54b30,0x00000000c6380000)
 Metaspace       used 17063K, capacity 17238K, committed 17664K, reserved 1064960K
  class space    used 2107K, capacity 2183K, committed 2304K, reserved 1048576K
}
Event: 50.052 GC heap before
{Heap before GC invocations=7 (full 0):
 PSYoungGen      total 67584K, used 66034K [0x00000000ebe00000, 0x00000000f0400000, 0x0000000100000000)
  eden space 63488K, 100% used [0x00000000ebe00000,0x00000000efc00000,0x00000000efc00000)
  from space 4096K, 62% used [0x00000000f0000000,0x00000000f027cbd8,0x00000000f0400000)
  to   space 4096K, 0% used [0x00000000efc00000,0x00000000efc00000,0x00000000f0000000)
 ParOldGen       total 42496K, used 1362K [0x00000000c3a00000, 0x00000000c6380000, 0x00000000ebe00000)
  object space 42496K, 3% used [0x00000000c3a00000,0x00000000c3b54b30,0x00000000c6380000)
 Metaspace       used 17067K, capacity 17238K, committed 17664K, reserved 1064960K
  class space    used 2107K, capacity 2183K, committed 2304K, reserved 1048576K
Event: 50.071 GC heap after
Heap after GC invocations=7 (full 0):
 PSYoungGen      total 67584K, used 160K [0x00000000ebe00000, 0x00000000f4300000, 0x0000000100000000)
  eden space 63488K, 0% used [0x00000000ebe00000,0x00000000ebe00000,0x00000000efc00000)
  from space 4096K, 3% used [0x00000000efc00000,0x00000000efc28000,0x00000000f0000000)
  to   space 4608K, 0% used [0x00000000f3e80000,0x00000000f3e80000,0x00000000f4300000)
 ParOldGen       total 42496K, used 3833K [0x00000000c3a00000, 0x00000000c6380000, 0x00000000ebe00000)
  object space 42496K, 9% used [0x00000000c3a00000,0x00000000c3dbe780,0x00000000c6380000)
 Metaspace       used 17067K, capacity 17238K, committed 17664K, reserved 1064960K
  class space    used 2107K, capacity 2183K, committed 2304K, reserved 1048576K
}
Event: 50.481 GC heap before
{Heap before GC invocations=8 (full 0):
 PSYoungGen      total 67584K, used 63648K [0x00000000ebe00000, 0x00000000f4300000, 0x0000000100000000)
  eden space 63488K, 100% used [0x00000000ebe00000,0x00000000efc00000,0x00000000efc00000)
  from space 4096K, 3% used [0x00000000efc00000,0x00000000efc28000,0x00000000f0000000)
  to   space 4608K, 0% used [0x00000000f3e80000,0x00000000f3e80000,0x00000000f4300000)
 ParOldGen       total 42496K, used 3833K [0x00000000c3a00000, 0x00000000c6380000, 0x00000000ebe00000)
  object space 42496K, 9% used [0x00000000c3a00000,0x00000000c3dbe780,0x00000000c6380000)
 Metaspace       used 17069K, capacity 17238K, committed 17664K, reserved 1064960K
  class space    used 2107K, capacity 2183K, committed 2304K, reserved 1048576K
Event: 50.484 GC heap after
Heap after GC invocations=8 (full 0):
 PSYoungGen      total 131584K, used 64K [0x00000000ebe00000, 0x00000000f4300000, 0x0000000100000000)
  eden space 126976K, 0% used [0x00000000ebe00000,0x00000000ebe00000,0x00000000f3a00000)
  from space 4608K, 1% used [0x00000000f3e80000,0x00000000f3e90000,0x00000000f4300000)
  to   space 4608K, 0% used [0x00000000f3a00000,0x00000000f3a00000,0x00000000f3e80000)
 ParOldGen       total 42496K, used 3841K [0x00000000c3a00000, 0x00000000c6380000, 0x00000000ebe00000)
  object space 42496K, 9% used [0x00000000c3a00000,0x00000000c3dc0780,0x00000000c6380000)
 Metaspace       used 17069K, capacity 17238K, committed 17664K, reserved 1064960K
  class space    used 2107K, capacity 2183K, committed 2304K, reserved 1048576K
}
Event: 51.688 GC heap before
{Heap before GC invocations=9 (full 0):
 PSYoungGen      total 131584K, used 127040K [0x00000000ebe00000, 0x00000000f4300000, 0x0000000100000000)
  eden space 126976K, 100% used [0x00000000ebe00000,0x00000000f3a00000,0x00000000f3a00000)
  from space 4608K, 1% used [0x00000000f3e80000,0x00000000f3e90000,0x00000000f4300000)
  to   space 4608K, 0% used [0x00000000f3a00000,0x00000000f3a00000,0x00000000f3e80000)
 ParOldGen       total 42496K, used 3841K [0x00000000c3a00000, 0x00000000c6380000, 0x00000000ebe00000)
  object space 42496K, 9% used [0x00000000c3a00000,0x00000000c3dc0780,0x00000000c6380000)
 Metaspace       used 17078K, capacity 17302K, committed 17664K, reserved 1064960K
  class space    used 2107K, capacity 2183K, committed 2304K, reserved 1048576K

