# JRE version: Java(TM) SE Runtime Environment (8.0_111-b14) (build 1.8.0_111-b14)
# Java VM: Java HotSpot(TM) 64-Bit Server VM (25.111-b14 mixed mode linux-amd64 compressed oops)
Heap:
 PSYoungGen      total 258048K, used 160K [0x00000000ebe00000, 0x00000000fbe00000, 0x0000000100000000)
  eden space 253952K, 0% used [0x00000000ebe00000,0x00000000ebe00000,0x00000000fb600000)
  from space 4096K, 3% used [0x00000000fb600000,0x00000000fb628000,0x00000000fba00000)
  to   space 4096K, 0% used [0x00000000fba00000,0x00000000fba00000,0x00000000fbe00000)
 ParOldGen       total 42496K, used 3484K [0x00000000c3a00000, 0x00000000c6380000, 0x00000000ebe00000)
  object space 42496K, 8% used [0x00000000c3a00000,0x00000000c3d671a0,0x00000000c6380000)
 Metaspace       used 15780K, capacity 15958K, committed 16256K, reserved 1062912K
  class space    used 1984K, capacity 2055K, committed 2176K, reserved 1048576K
GC Heap History (10 events):
Event: 5.866 GC heap after
Heap after GC invocations=4 (full 0):
 PSYoungGen      total 66048K, used 2528K [0x00000000ebe00000, 0x00000000f0100000, 0x0000000100000000)
  eden space 63488K, 0% used [0x00000000ebe00000,0x00000000ebe00000,0x00000000efc00000)
  from space 2560K, 98% used [0x00000000efe80000,0x00000000f00f83b8,0x00000000f0100000)
  to   space 2560K, 0% used [0x00000000efc00000,0x00000000efc00000,0x00000000efe80000)
 ParOldGen       total 42496K, used 906K [0x00000000c3a00000, 0x00000000c6380000, 0x00000000ebe00000)
  object space 42496K, 2% used [0x00000000c3a00000,0x00000000c3ae2bb0,0x00000000c6380000)
 Metaspace       used 15496K, capacity 15702K, committed 16000K, reserved 1062912K
  class space    used 1963K, capacity 2055K, committed 2176K, reserved 1048576K
}
Event: 6.696 GC heap before
{Heap before GC invocations=5 (full 0):
 PSYoungGen      total 66048K, used 66016K [0x00000000ebe00000, 0x00000000f0100000, 0x0000000100000000)
  eden space 63488K, 100% used [0x00000000ebe00000,0x00000000efc00000,0x00000000efc00000)
  from space 2560K, 98% used [0x00000000efe80000,0x00000000f00f83b8,0x00000000f0100000)
  to   space 2560K, 0% used [0x00000000efc00000,0x00000000efc00000,0x00000000efe80000)
 ParOldGen       total 42496K, used 906K [0x00000000c3a00000, 0x00000000c6380000, 0x00000000ebe00000)
  object space 42496K, 2% used [0x00000000c3a00000,0x00000000c3ae2bb0,0x00000000c6380000)
 Metaspace       used 15680K, capacity 15830K, committed 16256K, reserved 1062912K
  class space    used 1982K, capacity 2055K, committed 2176K, reserved 1048576K
Event: 6.732 GC heap after
Heap after GC invocations=5 (full 0):
 PSYoungGen      total 66048K, used 2528K [0x00000000ebe00000, 0x00000000f4100000, 0x0000000100000000)
  eden space 63488K, 0% used [0x00000000ebe00000,0x00000000ebe00000,0x00000000efc00000)
  from space 2560K, 98% used [0x00000000efc00000,0x00000000efe783b8,0x00000000efe80000)
  to   space 3584K, 0% used [0x00000000f3d80000,0x00000000f3d80000,0x00000000f4100000)
 ParOldGen       total 42496K, used 966K [0x00000000c3a00000, 0x00000000c6380000, 0x00000000ebe00000)
  object space 42496K, 2% used [0x00000000c3a00000,0x00000000c3af1980,0x00000000c6380000)
 Metaspace       used 15680K, capacity 15830K, committed 16256K, reserved 1062912K
  class space    used 1982K, capacity 2055K, committed 2176K, reserved 1048576K
}
Event: 7.371 GC heap before
{Heap before GC invocations=6 (full 0):
 PSYoungGen      total 66048K, used 66016K [0x00000000ebe00000, 0x00000000f4100000, 0x0000000100000000)
  eden space 63488K, 100% used [0x00000000ebe00000,0x00000000efc00000,0x00000000efc00000)
  from space 2560K, 98% used [0x00000000efc00000,0x00000000efe783b8,0x00000000efe80000)
  to   space 3584K, 0% used [0x00000000f3d80000,0x00000000f3d80000,0x00000000f4100000)
 ParOldGen       total 42496K, used 966K [0x00000000c3a00000, 0x00000000c6380000, 0x00000000ebe00000)
  object space 42496K, 2% used [0x00000000c3a00000,0x00000000c3af1980,0x00000000c6380000)
 Metaspace       used 15717K, capacity 15894K, committed 16256K, reserved 1062912K
  class space    used 1984K, capacity 2055K, committed 2176K, reserved 1048576K
Event: 7.428 GC heap after
Heap after GC invocations=6 (full 0):
 PSYoungGen      total 130560K, used 2592K [0x00000000ebe00000, 0x00000000f4100000, 0x0000000100000000)
  eden space 126976K, 0% used [0x00000000ebe00000,0x00000000ebe00000,0x00000000f3a00000)
  from space 3584K, 72% used [0x00000000f3d80000,0x00000000f40083b8,0x00000000f4100000)
  to   space 3584K, 0% used [0x00000000f3a00000,0x00000000f3a00000,0x00000000f3d80000)
 ParOldGen       total 42496K, used 974K [0x00000000c3a00000, 0x00000000c6380000, 0x00000000ebe00000)
  object space 42496K, 2% used [0x00000000c3a00000,0x00000000c3af3980,0x00000000c6380000)
 Metaspace       used 15717K, capacity 15894K, committed 16256K, reserved 1062912K
  class space    used 1984K, capacity 2055K, committed 2176K, reserved 1048576K
}
Event: 8.680 GC heap before
{Heap before GC invocations=7 (full 0):
 PSYoungGen      total 130560K, used 129568K [0x00000000ebe00000, 0x00000000f4100000, 0x0000000100000000)
  eden space 126976K, 100% used [0x00000000ebe00000,0x00000000f3a00000,0x00000000f3a00000)
  from space 3584K, 72% used [0x00000000f3d80000,0x00000000f40083b8,0x00000000f4100000)
  to   space 3584K, 0% used [0x00000000f3a00000,0x00000000f3a00000,0x00000000f3d80000)
 ParOldGen       total 42496K, used 974K [0x00000000c3a00000, 0x00000000c6380000, 0x00000000ebe00000)
  object space 42496K, 2% used [0x00000000c3a00000,0x00000000c3af3980,0x00000000c6380000)
 Metaspace       used 15747K, capacity 15894K, committed 16256K, reserved 1062912K
  class space    used 1984K, capacity 2055K, committed 2176K, reserved 1048576K
Event: 8.720 GC heap after
Heap after GC invocations=7 (full 0):
 PSYoungGen      total 130560K, used 192K [0x00000000ebe00000, 0x00000000fbe00000, 0x0000000100000000)
  eden space 126976K, 0% used [0x00000000ebe00000,0x00000000ebe00000,0x00000000f3a00000)
  from space 3584K, 5% used [0x00000000f3a00000,0x00000000f3a30000,0x00000000f3d80000)
  to   space 4096K, 0% used [0x00000000fba00000,0x00000000fba00000,0x00000000fbe00000)
 ParOldGen       total 42496K, used 3406K [0x00000000c3a00000, 0x00000000c6380000, 0x00000000ebe00000)
  object space 42496K, 8% used [0x00000000c3a00000,0x00000000c3d53bf0,0x00000000c6380000)
 Metaspace       used 15747K, capacity 15894K, committed 16256K, reserved 1062912K
  class space    used 1984K, capacity 2055K, committed 2176K, reserved 1048576K
}
Event: 9.524 GC heap before
{Heap before GC invocations=8 (full 0):
 PSYoungGen      total 130560K, used 127168K [0x00000000ebe00000, 0x00000000fbe00000, 0x0000000100000000)
  eden space 126976K, 100% used [0x00000000ebe00000,0x00000000f3a00000,0x00000000f3a00000)
  from space 3584K, 5% used [0x00000000f3a00000,0x00000000f3a30000,0x00000000f3d80000)
  to   space 4096K, 0% used [0x00000000fba00000,0x00000000fba00000,0x00000000fbe00000)
 ParOldGen       total 42496K, used 3406K [0x00000000c3a00000, 0x00000000c6380000, 0x00000000ebe00000)
  object space 42496K, 8% used [0x00000000c3a00000,0x00000000c3d53bf0,0x00000000c6380000)
 Metaspace       used 15754K, capacity 15894K, committed 16256K, reserved 1062912K
  class space    used 1984K, capacity 2055K, committed 2176K, reserved 1048576K
Event: 9.530 GC heap after
Heap after GC invocations=8 (full 0):
 PSYoungGen      total 258048K, used 96K [0x00000000ebe00000, 0x00000000fbe00000, 0x0000000100000000)
  eden space 253952K, 0% used [0x00000000ebe00000,0x00000000ebe00000,0x00000000fb600000)
  from space 4096K, 2% used [0x00000000fba00000,0x00000000fba18000,0x00000000fbe00000)
  to   space 4096K, 0% used [0x00000000fb600000,0x00000000fb600000,0x00000000fba00000)
 ParOldGen       total 42496K, used 3460K [0x00000000c3a00000, 0x00000000c6380000, 0x00000000ebe00000)
  object space 42496K, 8% used [0x00000000c3a00000,0x00000000c3d611a0,0x00000000c6380000)
 Metaspace       used 15754K, capacity 15894K, committed 16256K, reserved 1062912K
  class space    used 1984K, capacity 2055K, committed 2176K, reserved 1048576K
}
Event: 12.070 GC heap before
{Heap before GC invocations=9 (full 0):
 PSYoungGen      total 258048K, used 254048K [0x00000000ebe00000, 0x00000000fbe00000, 0x0000000100000000)
  eden space 253952K, 100% used [0x00000000ebe00000,0x00000000fb600000,0x00000000fb600000)
  from space 4096K, 2% used [0x00000000fba00000,0x00000000fba18000,0x00000000fbe00000)
  to   space 4096K, 0% used [0x00000000fb600000,0x00000000fb600000,0x00000000fba00000)
 ParOldGen       total 42496K, used 3460K [0x00000000c3a00000, 0x00000000c6380000, 0x00000000ebe00000)
  object space 42496K, 8% used [0x00000000c3a00000,0x00000000c3d611a0,0x00000000c6380000)
 Metaspace       used 15780K, capacity 15958K, committed 16256K, reserved 1062912K
  class space    used 1984K, capacity 2055K, committed 2176K, reserved 1048576K

