# JRE version: Java(TM) SE Runtime Environment (8.0_111-b14) (build 1.8.0_111-b14)
# Java VM: Java HotSpot(TM) 64-Bit Server VM (25.111-b14 mixed mode linux-amd64 compressed oops)
Heap:
 PSYoungGen      total 206848K, used 32K [0x00000000ebe00000, 0x00000000f8c00000, 0x0000000100000000)
  eden space 202752K, 0% used [0x00000000ebe00000,0x00000000ebe00000,0x00000000f8400000)
  from space 4096K, 0% used [0x00000000f8400000,0x00000000f8408000,0x00000000f8800000)
  to   space 4096K, 0% used [0x00000000f8800000,0x00000000f8800000,0x00000000f8c00000)
 ParOldGen       total 42496K, used 2993K [0x00000000c3a00000, 0x00000000c6380000, 0x00000000ebe00000)
  object space 42496K, 7% used [0x00000000c3a00000,0x00000000c3cec4e0,0x00000000c6380000)
 Metaspace       used 14431K, capacity 14580K, committed 14720K, reserved 1062912K
  class space    used 1817K, capacity 1898K, committed 1920K, reserved 1048576K
GC Heap History (10 events):
Event: 2.256 GC heap after
Heap after GC invocations=6 (full 0):
 PSYoungGen      total 66560K, used 2528K [0x00000000ebe00000, 0x00000000f0200000, 0x0000000100000000)
  eden space 63488K, 0% used [0x00000000ebe00000,0x00000000ebe00000,0x00000000efc00000)
  from space 3072K, 82% used [0x00000000eff00000,0x00000000f01783b8,0x00000000f0200000)
  to   space 3072K, 0% used [0x00000000efc00000,0x00000000efc00000,0x00000000eff00000)
 ParOldGen       total 42496K, used 470K [0x00000000c3a00000, 0x00000000c6380000, 0x00000000ebe00000)
  object space 42496K, 1% used [0x00000000c3a00000,0x00000000c3a75980,0x00000000c6380000)
 Metaspace       used 14345K, capacity 14512K, committed 14720K, reserved 1062912K
  class space    used 1816K, capacity 1898K, committed 1920K, reserved 1048576K
}
Event: 2.507 GC heap before
{Heap before GC invocations=7 (full 0):
 PSYoungGen      total 66560K, used 66016K [0x00000000ebe00000, 0x00000000f0200000, 0x0000000100000000)
  eden space 63488K, 100% used [0x00000000ebe00000,0x00000000efc00000,0x00000000efc00000)
  from space 3072K, 82% used [0x00000000eff00000,0x00000000f01783b8,0x00000000f0200000)
  to   space 3072K, 0% used [0x00000000efc00000,0x00000000efc00000,0x00000000eff00000)
 ParOldGen       total 42496K, used 470K [0x00000000c3a00000, 0x00000000c6380000, 0x00000000ebe00000)
  object space 42496K, 1% used [0x00000000c3a00000,0x00000000c3a75980,0x00000000c6380000)
 Metaspace       used 14374K, capacity 14576K, committed 14720K, reserved 1062912K
  class space    used 1817K, capacity 1898K, committed 1920K, reserved 1048576K
Event: 2.527 GC heap after
Heap after GC invocations=7 (full 0):
 PSYoungGen      total 66560K, used 128K [0x00000000ebe00000, 0x00000000f4100000, 0x0000000100000000)
  eden space 63488K, 0% used [0x00000000ebe00000,0x00000000ebe00000,0x00000000efc00000)
  from space 3072K, 4% used [0x00000000efc00000,0x00000000efc20000,0x00000000eff00000)
  to   space 3584K, 0% used [0x00000000f3d80000,0x00000000f3d80000,0x00000000f4100000)
 ParOldGen       total 42496K, used 2945K [0x00000000c3a00000, 0x00000000c6380000, 0x00000000ebe00000)
  object space 42496K, 6% used [0x00000000c3a00000,0x00000000c3ce04e0,0x00000000c6380000)
 Metaspace       used 14374K, capacity 14576K, committed 14720K, reserved 1062912K
  class space    used 1817K, capacity 1898K, committed 1920K, reserved 1048576K
}
Event: 2.773 GC heap before
{Heap before GC invocations=8 (full 0):
 PSYoungGen      total 66560K, used 63616K [0x00000000ebe00000, 0x00000000f4100000, 0x0000000100000000)
  eden space 63488K, 100% used [0x00000000ebe00000,0x00000000efc00000,0x00000000efc00000)
  from space 3072K, 4% used [0x00000000efc00000,0x00000000efc20000,0x00000000eff00000)
  to   space 3584K, 0% used [0x00000000f3d80000,0x00000000f3d80000,0x00000000f4100000)
 ParOldGen       total 42496K, used 2945K [0x00000000c3a00000, 0x00000000c6380000, 0x00000000ebe00000)
  object space 42496K, 6% used [0x00000000c3a00000,0x00000000c3ce04e0,0x00000000c6380000)
 Metaspace       used 14394K, capacity 14580K, committed 14720K, reserved 1062912K
  class space    used 1817K, capacity 1898K, committed 1920K, reserved 1048576K
Event: 2.776 GC heap after
Heap after GC invocations=8 (full 0):
 PSYoungGen      total 130048K, used 32K [0x00000000ebe00000, 0x00000000f4200000, 0x0000000100000000)
  eden space 126464K, 0% used [0x00000000ebe00000,0x00000000ebe00000,0x00000000f3980000)
  from space 3584K, 0% used [0x00000000f3d80000,0x00000000f3d88000,0x00000000f4100000)
  to   space 4096K, 0% used [0x00000000f3980000,0x00000000f3980000,0x00000000f3d80000)
 ParOldGen       total 42496K, used 2961K [0x00000000c3a00000, 0x00000000c6380000, 0x00000000ebe00000)
  object space 42496K, 6% used [0x00000000c3a00000,0x00000000c3ce44e0,0x00000000c6380000)
 Metaspace       used 14394K, capacity 14580K, committed 14720K, reserved 1062912K
  class space    used 1817K, capacity 1898K, committed 1920K, reserved 1048576K
}
Event: 3.040 GC heap before
{Heap before GC invocations=9 (full 0):
 PSYoungGen      total 130048K, used 126496K [0x00000000ebe00000, 0x00000000f4200000, 0x0000000100000000)
  eden space 126464K, 100% used [0x00000000ebe00000,0x00000000f3980000,0x00000000f3980000)
  from space 3584K, 0% used [0x00000000f3d80000,0x00000000f3d88000,0x00000000f4100000)
  to   space 4096K, 0% used [0x00000000f3980000,0x00000000f3980000,0x00000000f3d80000)
 ParOldGen       total 42496K, used 2961K [0x00000000c3a00000, 0x00000000c6380000, 0x00000000ebe00000)
  object space 42496K, 6% used [0x00000000c3a00000,0x00000000c3ce44e0,0x00000000c6380000)
 Metaspace       used 14399K, capacity 14580K, committed 14720K, reserved 1062912K
  class space    used 1817K, capacity 1898K, committed 1920K, reserved 1048576K
Event: 3.042 GC heap after
Heap after GC invocations=9 (full 0):
 PSYoungGen      total 130560K, used 32K [0x00000000ebe00000, 0x00000000f8c00000, 0x0000000100000000)
  eden space 126464K, 0% used [0x00000000ebe00000,0x00000000ebe00000,0x00000000f3980000)
  from space 4096K, 0% used [0x00000000f3980000,0x00000000f3988000,0x00000000f3d80000)
  to   space 4096K, 0% used [0x00000000f8800000,0x00000000f8800000,0x00000000f8c00000)
 ParOldGen       total 42496K, used 2969K [0x00000000c3a00000, 0x00000000c6380000, 0x00000000ebe00000)
  object space 42496K, 6% used [0x00000000c3a00000,0x00000000c3ce64e0,0x00000000c6380000)
 Metaspace       used 14399K, capacity 14580K, committed 14720K, reserved 1062912K
  class space    used 1817K, capacity 1898K, committed 1920K, reserved 1048576K
}
Event: 3.171 GC heap before
{Heap before GC invocations=10 (full 0):
 PSYoungGen      total 130560K, used 126496K [0x00000000ebe00000, 0x00000000f8c00000, 0x0000000100000000)
  eden space 126464K, 100% used [0x00000000ebe00000,0x00000000f3980000,0x00000000f3980000)
  from space 4096K, 0% used [0x00000000f3980000,0x00000000f3988000,0x00000000f3d80000)
  to   space 4096K, 0% used [0x00000000f8800000,0x00000000f8800000,0x00000000f8c00000)
 ParOldGen       total 42496K, used 2969K [0x00000000c3a00000, 0x00000000c6380000, 0x00000000ebe00000)
  object space 42496K, 6% used [0x00000000c3a00000,0x00000000c3ce64e0,0x00000000c6380000)
 Metaspace       used 14403K, capacity 14580K, committed 14720K, reserved 1062912K
  class space    used 1817K, capacity 1898K, committed 1920K, reserved 1048576K
Event: 3.177 GC heap after
Heap after GC invocations=10 (full 0):
 PSYoungGen      total 206848K, used 96K [0x00000000ebe00000, 0x00000000f8c00000, 0x0000000100000000)
  eden space 202752K, 0% used [0x00000000ebe00000,0x00000000ebe00000,0x00000000f8400000)
  from space 4096K, 2% used [0x00000000f8800000,0x00000000f8818000,0x00000000f8c00000)
  to   space 4096K, 0% used [0x00000000f8400000,0x00000000f8400000,0x00000000f8800000)
 ParOldGen       total 42496K, used 2985K [0x00000000c3a00000, 0x00000000c6380000, 0x00000000ebe00000)
  object space 42496K, 7% used [0x00000000c3a00000,0x00000000c3cea4e0,0x00000000c6380000)
 Metaspace       used 14403K, capacity 14580K, committed 14720K, reserved 1062912K
  class space    used 1817K, capacity 1898K, committed 1920K, reserved 1048576K
}
Event: 3.521 GC heap before
{Heap before GC invocations=11 (full 0):
 PSYoungGen      total 206848K, used 202848K [0x00000000ebe00000, 0x00000000f8c00000, 0x0000000100000000)
  eden space 202752K, 100% used [0x00000000ebe00000,0x00000000f8400000,0x00000000f8400000)
  from space 4096K, 2% used [0x00000000f8800000,0x00000000f8818000,0x00000000f8c00000)
  to   space 4096K, 0% used [0x00000000f8400000,0x00000000f8400000,0x00000000f8800000)
 ParOldGen       total 42496K, used 2985K [0x00000000c3a00000, 0x00000000c6380000, 0x00000000ebe00000)
  object space 42496K, 7% used [0x00000000c3a00000,0x00000000c3cea4e0,0x00000000c6380000)
 Metaspace       used 14431K, capacity 14580K, committed 14720K, reserved 1062912K
  class space    used 1817K, capacity 1898K, committed 1920K, reserved 1048576K

