# JRE version: Java(TM) SE Runtime Environment (8.0_111-b14) (build 1.8.0_111-b14)
# Java VM: Java HotSpot(TM) 64-Bit Server VM (25.111-b14 mixed mode linux-amd64 compressed oops)
Heap:
 PSYoungGen      total 207360K, used 128K [0x00000000ebe00000, 0x00000000f8d80000, 0x0000000100000000)
  eden space 202752K, 0% used [0x00000000ebe00000,0x00000000ebe00000,0x00000000f8400000)
  from space 4608K, 2% used [0x00000000f8400000,0x00000000f8420000,0x00000000f8880000)
  to   space 4096K, 0% used [0x00000000f8880000,0x00000000f8880000,0x00000000f8c80000)
 ParOldGen       total 42496K, used 3830K [0x00000000c3a00000, 0x00000000c6380000, 0x00000000ebe00000)
  object space 42496K, 9% used [0x00000000c3a00000,0x00000000c3dbda30,0x00000000c6380000)
 Metaspace       used 15876K, capacity 16086K, committed 16512K, reserved 1062912K
  class space    used 1991K, capacity 2055K, committed 2176K, reserved 1048576K
GC Heap History (10 events):
Event: 11.522 GC heap after
Heap after GC invocations=6 (full 0):
 PSYoungGen      total 67072K, used 2544K [0x00000000ebe00000, 0x00000000f0300000, 0x0000000100000000)
  eden space 63488K, 0% used [0x00000000ebe00000,0x00000000ebe00000,0x00000000efc00000)
  from space 3584K, 71% used [0x00000000eff80000,0x00000000f01fc3c8,0x00000000f0300000)
  to   space 3584K, 0% used [0x00000000efc00000,0x00000000efc00000,0x00000000eff80000)
 ParOldGen       total 42496K, used 943K [0x00000000c3a00000, 0x00000000c6380000, 0x00000000ebe00000)
  object space 42496K, 2% used [0x00000000c3a00000,0x00000000c3aebd10,0x00000000c6380000)
 Metaspace       used 15546K, capacity 15702K, committed 16000K, reserved 1062912K
  class space    used 1969K, capacity 2055K, committed 2176K, reserved 1048576K
}
Event: 12.867 GC heap before
{Heap before GC invocations=7 (full 0):
 PSYoungGen      total 67072K, used 66032K [0x00000000ebe00000, 0x00000000f0300000, 0x0000000100000000)
  eden space 63488K, 100% used [0x00000000ebe00000,0x00000000efc00000,0x00000000efc00000)
  from space 3584K, 71% used [0x00000000eff80000,0x00000000f01fc3c8,0x00000000f0300000)
  to   space 3584K, 0% used [0x00000000efc00000,0x00000000efc00000,0x00000000eff80000)
 ParOldGen       total 42496K, used 943K [0x00000000c3a00000, 0x00000000c6380000, 0x00000000ebe00000)
  object space 42496K, 2% used [0x00000000c3a00000,0x00000000c3aebd10,0x00000000c6380000)
 Metaspace       used 15762K, capacity 15958K, committed 16256K, reserved 1062912K
  class space    used 1991K, capacity 2055K, committed 2176K, reserved 1048576K
Event: 12.943 GC heap after
Heap after GC invocations=7 (full 0):
 PSYoungGen      total 67072K, used 489K [0x00000000ebe00000, 0x00000000f4200000, 0x0000000100000000)
  eden space 63488K, 0% used [0x00000000ebe00000,0x00000000ebe00000,0x00000000efc00000)
  from space 3584K, 13% used [0x00000000efc00000,0x00000000efc7a5d0,0x00000000eff80000)
  to   space 4096K, 0% used [0x00000000f3e00000,0x00000000f3e00000,0x00000000f4200000)
 ParOldGen       total 42496K, used 3396K [0x00000000c3a00000, 0x00000000c6380000, 0x00000000ebe00000)
  object space 42496K, 7% used [0x00000000c3a00000,0x00000000c3d510e0,0x00000000c6380000)
 Metaspace       used 15762K, capacity 15958K, committed 16256K, reserved 1062912K
  class space    used 1991K, capacity 2055K, committed 2176K, reserved 1048576K
}
Event: 13.531 GC heap before
{Heap before GC invocations=8 (full 0):
 PSYoungGen      total 67072K, used 63977K [0x00000000ebe00000, 0x00000000f4200000, 0x0000000100000000)
  eden space 63488K, 100% used [0x00000000ebe00000,0x00000000efc00000,0x00000000efc00000)
  from space 3584K, 13% used [0x00000000efc00000,0x00000000efc7a5d0,0x00000000eff80000)
  to   space 4096K, 0% used [0x00000000f3e00000,0x00000000f3e00000,0x00000000f4200000)
 ParOldGen       total 42496K, used 3396K [0x00000000c3a00000, 0x00000000c6380000, 0x00000000ebe00000)
  object space 42496K, 7% used [0x00000000c3a00000,0x00000000c3d510e0,0x00000000c6380000)
 Metaspace       used 15766K, capacity 15958K, committed 16256K, reserved 1062912K
  class space    used 1991K, capacity 2055K, committed 2176K, reserved 1048576K
Event: 13.538 GC heap after
Heap after GC invocations=8 (full 0):
 PSYoungGen      total 131072K, used 457K [0x00000000ebe00000, 0x00000000f4200000, 0x0000000100000000)
  eden space 126976K, 0% used [0x00000000ebe00000,0x00000000ebe00000,0x00000000f3a00000)
  from space 4096K, 11% used [0x00000000f3e00000,0x00000000f3e725d0,0x00000000f4200000)
  to   space 4096K, 0% used [0x00000000f3a00000,0x00000000f3a00000,0x00000000f3e00000)
 ParOldGen       total 42496K, used 3436K [0x00000000c3a00000, 0x00000000c6380000, 0x00000000ebe00000)
  object space 42496K, 8% used [0x00000000c3a00000,0x00000000c3d5b0e0,0x00000000c6380000)
 Metaspace       used 15766K, capacity 15958K, committed 16256K, reserved 1062912K
  class space    used 1991K, capacity 2055K, committed 2176K, reserved 1048576K
}
Event: 14.305 GC heap before
{Heap before GC invocations=9 (full 0):
 PSYoungGen      total 131072K, used 127433K [0x00000000ebe00000, 0x00000000f4200000, 0x0000000100000000)
  eden space 126976K, 100% used [0x00000000ebe00000,0x00000000f3a00000,0x00000000f3a00000)
  from space 4096K, 11% used [0x00000000f3e00000,0x00000000f3e725d0,0x00000000f4200000)
  to   space 4096K, 0% used [0x00000000f3a00000,0x00000000f3a00000,0x00000000f3e00000)
 ParOldGen       total 42496K, used 3436K [0x00000000c3a00000, 0x00000000c6380000, 0x00000000ebe00000)
  object space 42496K, 8% used [0x00000000c3a00000,0x00000000c3d5b0e0,0x00000000c6380000)
 Metaspace       used 15825K, capacity 16022K, committed 16256K, reserved 1062912K
  class space    used 1991K, capacity 2055K, committed 2176K, reserved 1048576K
Event: 14.308 GC heap after
Heap after GC invocations=9 (full 0):
 PSYoungGen      total 131072K, used 425K [0x00000000ebe00000, 0x00000000f8c80000, 0x0000000100000000)
  eden space 126976K, 0% used [0x00000000ebe00000,0x00000000ebe00000,0x00000000f3a00000)
  from space 4096K, 10% used [0x00000000f3a00000,0x00000000f3a6a5d0,0x00000000f3e00000)
  to   space 4096K, 0% used [0x00000000f8880000,0x00000000f8880000,0x00000000f8c80000)
 ParOldGen       total 42496K, used 3485K [0x00000000c3a00000, 0x00000000c6380000, 0x00000000ebe00000)
  object space 42496K, 8% used [0x00000000c3a00000,0x00000000c3d67460,0x00000000c6380000)
 Metaspace       used 15825K, capacity 16022K, committed 16256K, reserved 1062912K
  class space    used 1991K, capacity 2055K, committed 2176K, reserved 1048576K
}
Event: 14.524 GC heap before
{Heap before GC invocations=10 (full 0):
 PSYoungGen      total 131072K, used 127401K [0x00000000ebe00000, 0x00000000f8c80000, 0x0000000100000000)
  eden space 126976K, 100% used [0x00000000ebe00000,0x00000000f3a00000,0x00000000f3a00000)
  from space 4096K, 10% used [0x00000000f3a00000,0x00000000f3a6a5d0,0x00000000f3e00000)
  to   space 4096K, 0% used [0x00000000f8880000,0x00000000f8880000,0x00000000f8c80000)
 ParOldGen       total 42496K, used 3485K [0x00000000c3a00000, 0x00000000c6380000, 0x00000000ebe00000)
  object space 42496K, 8% used [0x00000000c3a00000,0x00000000c3d67460,0x00000000c6380000)
 Metaspace       used 15831K, capacity 16022K, committed 16256K, reserved 1062912K
  class space    used 1991K, capacity 2055K, committed 2176K, reserved 1048576K
Event: 14.528 GC heap after
Heap after GC invocations=10 (full 0):
 PSYoungGen      total 206848K, used 64K [0x00000000ebe00000, 0x00000000f8d80000, 0x0000000100000000)
  eden space 202752K, 0% used [0x00000000ebe00000,0x00000000ebe00000,0x00000000f8400000)
  from space 4096K, 1% used [0x00000000f8880000,0x00000000f8890000,0x00000000f8c80000)
  to   space 4608K, 0% used [0x00000000f8400000,0x00000000f8400000,0x00000000f8880000)
 ParOldGen       total 42496K, used 3806K [0x00000000c3a00000, 0x00000000c6380000, 0x00000000ebe00000)
  object space 42496K, 8% used [0x00000000c3a00000,0x00000000c3db7a30,0x00000000c6380000)
 Metaspace       used 15831K, capacity 16022K, committed 16256K, reserved 1062912K
  class space    used 1991K, capacity 2055K, committed 2176K, reserved 1048576K
}
Event: 14.994 GC heap before
{Heap before GC invocations=11 (full 0):
 PSYoungGen      total 206848K, used 202816K [0x00000000ebe00000, 0x00000000f8d80000, 0x0000000100000000)
  eden space 202752K, 100% used [0x00000000ebe00000,0x00000000f8400000,0x00000000f8400000)
  from space 4096K, 1% used [0x00000000f8880000,0x00000000f8890000,0x00000000f8c80000)
  to   space 4608K, 0% used [0x00000000f8400000,0x00000000f8400000,0x00000000f8880000)
 ParOldGen       total 42496K, used 3806K [0x00000000c3a00000, 0x00000000c6380000, 0x00000000ebe00000)
  object space 42496K, 8% used [0x00000000c3a00000,0x00000000c3db7a30,0x00000000c6380000)
 Metaspace       used 15876K, capacity 16086K, committed 16512K, reserved 1062912K
  class space    used 1991K, capacity 2055K, committed 2176K, reserved 1048576K

