# JRE version: Java(TM) SE Runtime Environment (8.0_111-b14) (build 1.8.0_111-b14)
# Java VM: Java HotSpot(TM) 64-Bit Server VM (25.111-b14 mixed mode linux-amd64 compressed oops)
Heap:
 PSYoungGen      total 207360K, used 256K [0x00000000ebe00000, 0x00000000f8d80000, 0x0000000100000000)
  eden space 202752K, 0% used [0x00000000ebe00000,0x00000000ebe00000,0x00000000f8400000)
  from space 4608K, 5% used [0x00000000f8400000,0x00000000f8440000,0x00000000f8880000)
  to   space 4096K, 0% used [0x00000000f8880000,0x00000000f8880000,0x00000000f8c80000)
 ParOldGen       total 42496K, used 4026K [0x00000000c3a00000, 0x00000000c6380000, 0x00000000ebe00000)
  object space 42496K, 9% used [0x00000000c3a00000,0x00000000c3deea20,0x00000000c6380000)
 Metaspace       used 16224K, capacity 16390K, committed 16768K, reserved 1064960K
  class space    used 2056K, capacity 2119K, committed 2176K, reserved 1048576K
GC Heap History (10 events):
Event: 15.624 GC heap after
Heap after GC invocations=6 (full 0):
 PSYoungGen      total 67072K, used 2626K [0x00000000ebe00000, 0x00000000f0300000, 0x0000000100000000)
  eden space 63488K, 0% used [0x00000000ebe00000,0x00000000ebe00000,0x00000000efc00000)
  from space 3584K, 73% used [0x00000000eff80000,0x00000000f0210be8,0x00000000f0300000)
  to   space 3584K, 0% used [0x00000000efc00000,0x00000000efc00000,0x00000000eff80000)
 ParOldGen       total 42496K, used 955K [0x00000000c3a00000, 0x00000000c6380000, 0x00000000ebe00000)
  object space 42496K, 2% used [0x00000000c3a00000,0x00000000c3aeec48,0x00000000c6380000)
 Metaspace       used 15755K, capacity 15910K, committed 16256K, reserved 1062912K
  class space    used 2007K, capacity 2087K, committed 2176K, reserved 1048576K
}
Event: 16.708 GC heap before
{Heap before GC invocations=7 (full 0):
 PSYoungGen      total 67072K, used 66114K [0x00000000ebe00000, 0x00000000f0300000, 0x0000000100000000)
  eden space 63488K, 100% used [0x00000000ebe00000,0x00000000efc00000,0x00000000efc00000)
  from space 3584K, 73% used [0x00000000eff80000,0x00000000f0210be8,0x00000000f0300000)
  to   space 3584K, 0% used [0x00000000efc00000,0x00000000efc00000,0x00000000eff80000)
 ParOldGen       total 42496K, used 955K [0x00000000c3a00000, 0x00000000c6380000, 0x00000000ebe00000)
  object space 42496K, 2% used [0x00000000c3a00000,0x00000000c3aeec48,0x00000000c6380000)
 Metaspace       used 15872K, capacity 16102K, committed 16512K, reserved 1062912K
  class space    used 2015K, capacity 2087K, committed 2176K, reserved 1048576K
Event: 16.719 GC heap after
Heap after GC invocations=7 (full 0):
 PSYoungGen      total 67072K, used 681K [0x00000000ebe00000, 0x00000000f4200000, 0x0000000100000000)
  eden space 63488K, 0% used [0x00000000ebe00000,0x00000000ebe00000,0x00000000efc00000)
  from space 3584K, 19% used [0x00000000efc00000,0x00000000efcaa5d0,0x00000000eff80000)
  to   space 4096K, 0% used [0x00000000f3e00000,0x00000000f3e00000,0x00000000f4200000)
 ParOldGen       total 42496K, used 3408K [0x00000000c3a00000, 0x00000000c6380000, 0x00000000ebe00000)
  object space 42496K, 8% used [0x00000000c3a00000,0x00000000c3d540d0,0x00000000c6380000)
 Metaspace       used 15872K, capacity 16102K, committed 16512K, reserved 1062912K
  class space    used 2015K, capacity 2087K, committed 2176K, reserved 1048576K
}
Event: 17.159 GC heap before
{Heap before GC invocations=8 (full 0):
 PSYoungGen      total 67072K, used 64169K [0x00000000ebe00000, 0x00000000f4200000, 0x0000000100000000)
  eden space 63488K, 100% used [0x00000000ebe00000,0x00000000efc00000,0x00000000efc00000)
  from space 3584K, 19% used [0x00000000efc00000,0x00000000efcaa5d0,0x00000000eff80000)
  to   space 4096K, 0% used [0x00000000f3e00000,0x00000000f3e00000,0x00000000f4200000)
 ParOldGen       total 42496K, used 3408K [0x00000000c3a00000, 0x00000000c6380000, 0x00000000ebe00000)
  object space 42496K, 8% used [0x00000000c3a00000,0x00000000c3d540d0,0x00000000c6380000)
 Metaspace       used 15893K, capacity 16102K, committed 16512K, reserved 1062912K
  class space    used 2015K, capacity 2087K, committed 2176K, reserved 1048576K
Event: 17.162 GC heap after
Heap after GC invocations=8 (full 0):
 PSYoungGen      total 131072K, used 617K [0x00000000ebe00000, 0x00000000f4200000, 0x0000000100000000)
  eden space 126976K, 0% used [0x00000000ebe00000,0x00000000ebe00000,0x00000000f3a00000)
  from space 4096K, 15% used [0x00000000f3e00000,0x00000000f3e9a5d0,0x00000000f4200000)
  to   space 4096K, 0% used [0x00000000f3a00000,0x00000000f3a00000,0x00000000f3e00000)
 ParOldGen       total 42496K, used 3432K [0x00000000c3a00000, 0x00000000c6380000, 0x00000000ebe00000)
  object space 42496K, 8% used [0x00000000c3a00000,0x00000000c3d5a0d0,0x00000000c6380000)
 Metaspace       used 15893K, capacity 16102K, committed 16512K, reserved 1062912K
  class space    used 2015K, capacity 2087K, committed 2176K, reserved 1048576K
}
Event: 17.831 GC heap before
{Heap before GC invocations=9 (full 0):
 PSYoungGen      total 131072K, used 127593K [0x00000000ebe00000, 0x00000000f4200000, 0x0000000100000000)
  eden space 126976K, 100% used [0x00000000ebe00000,0x00000000f3a00000,0x00000000f3a00000)
  from space 4096K, 15% used [0x00000000f3e00000,0x00000000f3e9a5d0,0x00000000f4200000)
  to   space 4096K, 0% used [0x00000000f3a00000,0x00000000f3a00000,0x00000000f3e00000)
 ParOldGen       total 42496K, used 3432K [0x00000000c3a00000, 0x00000000c6380000, 0x00000000ebe00000)
  object space 42496K, 8% used [0x00000000c3a00000,0x00000000c3d5a0d0,0x00000000c6380000)
 Metaspace       used 15953K, capacity 16166K, committed 16512K, reserved 1062912K
  class space    used 2015K, capacity 2087K, committed 2176K, reserved 1048576K
Event: 17.837 GC heap after
Heap after GC invocations=9 (full 0):
 PSYoungGen      total 131072K, used 585K [0x00000000ebe00000, 0x00000000f8c80000, 0x0000000100000000)
  eden space 126976K, 0% used [0x00000000ebe00000,0x00000000ebe00000,0x00000000f3a00000)
  from space 4096K, 14% used [0x00000000f3a00000,0x00000000f3a925d0,0x00000000f3e00000)
  to   space 4096K, 0% used [0x00000000f8880000,0x00000000f8880000,0x00000000f8c80000)
 ParOldGen       total 42496K, used 3497K [0x00000000c3a00000, 0x00000000c6380000, 0x00000000ebe00000)
  object space 42496K, 8% used [0x00000000c3a00000,0x00000000c3d6a450,0x00000000c6380000)
 Metaspace       used 15953K, capacity 16166K, committed 16512K, reserved 1062912K
  class space    used 2015K, capacity 2087K, committed 2176K, reserved 1048576K
}
Event: 18.182 GC heap before
{Heap before GC invocations=10 (full 0):
 PSYoungGen      total 131072K, used 127561K [0x00000000ebe00000, 0x00000000f8c80000, 0x0000000100000000)
  eden space 126976K, 100% used [0x00000000ebe00000,0x00000000f3a00000,0x00000000f3a00000)
  from space 4096K, 14% used [0x00000000f3a00000,0x00000000f3a925d0,0x00000000f3e00000)
  to   space 4096K, 0% used [0x00000000f8880000,0x00000000f8880000,0x00000000f8c80000)
 ParOldGen       total 42496K, used 3497K [0x00000000c3a00000, 0x00000000c6380000, 0x00000000ebe00000)
  object space 42496K, 8% used [0x00000000c3a00000,0x00000000c3d6a450,0x00000000c6380000)
 Metaspace       used 15966K, capacity 16166K, committed 16512K, reserved 1062912K
  class space    used 2015K, capacity 2087K, committed 2176K, reserved 1048576K
Event: 18.186 GC heap after
Heap after GC invocations=10 (full 0):
 PSYoungGen      total 206848K, used 64K [0x00000000ebe00000, 0x00000000f8d80000, 0x0000000100000000)
  eden space 202752K, 0% used [0x00000000ebe00000,0x00000000ebe00000,0x00000000f8400000)
  from space 4096K, 1% used [0x00000000f8880000,0x00000000f8890000,0x00000000f8c80000)
  to   space 4608K, 0% used [0x00000000f8400000,0x00000000f8400000,0x00000000f8880000)
 ParOldGen       total 42496K, used 4010K [0x00000000c3a00000, 0x00000000c6380000, 0x00000000ebe00000)
  object space 42496K, 9% used [0x00000000c3a00000,0x00000000c3deaa20,0x00000000c6380000)
 Metaspace       used 15966K, capacity 16166K, committed 16512K, reserved 1062912K
  class space    used 2015K, capacity 2087K, committed 2176K, reserved 1048576K
}
Event: 19.345 GC heap before
{Heap before GC invocations=11 (full 0):
 PSYoungGen      total 206848K, used 202816K [0x00000000ebe00000, 0x00000000f8d80000, 0x0000000100000000)
  eden space 202752K, 100% used [0x00000000ebe00000,0x00000000f8400000,0x00000000f8400000)
  from space 4096K, 1% used [0x00000000f8880000,0x00000000f8890000,0x00000000f8c80000)
  to   space 4608K, 0% used [0x00000000f8400000,0x00000000f8400000,0x00000000f8880000)
 ParOldGen       total 42496K, used 4010K [0x00000000c3a00000, 0x00000000c6380000, 0x00000000ebe00000)
  object space 42496K, 9% used [0x00000000c3a00000,0x00000000c3deaa20,0x00000000c6380000)
 Metaspace       used 16224K, capacity 16390K, committed 16768K, reserved 1064960K
  class space    used 2056K, capacity 2119K, committed 2176K, reserved 1048576K

