# JRE version: Java(TM) SE Runtime Environment (8.0_111-b14) (build 1.8.0_111-b14)
# Java VM: Java HotSpot(TM) 64-Bit Server VM (25.111-b14 mixed mode linux-amd64 compressed oops)
Heap:
 PSYoungGen      total 207872K, used 32K [0x00000000ebe00000, 0x00000000f8d80000, 0x0000000100000000)
  eden space 203264K, 0% used [0x00000000ebe00000,0x00000000ebe00000,0x00000000f8480000)
  from space 4608K, 0% used [0x00000000f8480000,0x00000000f8488000,0x00000000f8900000)
  to   space 4608K, 0% used [0x00000000f8900000,0x00000000f8900000,0x00000000f8d80000)
 ParOldGen       total 42496K, used 3509K [0x00000000c3a00000, 0x00000000c6380000, 0x00000000ebe00000)
  object space 42496K, 8% used [0x00000000c3a00000,0x00000000c3d6d6d0,0x00000000c6380000)
 Metaspace       used 15646K, capacity 15830K, committed 16256K, reserved 1062912K
  class space    used 1982K, capacity 2055K, committed 2176K, reserved 1048576K
GC Heap History (10 events):
Event: 10.936 GC heap after
Heap after GC invocations=6 (full 0):
 PSYoungGen      total 67072K, used 2610K [0x00000000ebe00000, 0x00000000f0300000, 0x0000000100000000)
  eden space 63488K, 0% used [0x00000000ebe00000,0x00000000ebe00000,0x00000000efc00000)
  from space 3584K, 72% used [0x00000000eff80000,0x00000000f020cbf8,0x00000000f0300000)
  to   space 3584K, 0% used [0x00000000efc00000,0x00000000efc00000,0x00000000eff80000)
 ParOldGen       total 42496K, used 956K [0x00000000c3a00000, 0x00000000c6380000, 0x00000000ebe00000)
  object space 42496K, 2% used [0x00000000c3a00000,0x00000000c3aef2f0,0x00000000c6380000)
 Metaspace       used 15579K, capacity 15766K, committed 16000K, reserved 1062912K
  class space    used 1981K, capacity 2055K, committed 2176K, reserved 1048576K
}
Event: 11.286 GC heap before
{Heap before GC invocations=7 (full 0):
 PSYoungGen      total 67072K, used 66098K [0x00000000ebe00000, 0x00000000f0300000, 0x0000000100000000)
  eden space 63488K, 100% used [0x00000000ebe00000,0x00000000efc00000,0x00000000efc00000)
  from space 3584K, 72% used [0x00000000eff80000,0x00000000f020cbf8,0x00000000f0300000)
  to   space 3584K, 0% used [0x00000000efc00000,0x00000000efc00000,0x00000000eff80000)
 ParOldGen       total 42496K, used 956K [0x00000000c3a00000, 0x00000000c6380000, 0x00000000ebe00000)
  object space 42496K, 2% used [0x00000000c3a00000,0x00000000c3aef2f0,0x00000000c6380000)
 Metaspace       used 15583K, capacity 15766K, committed 16000K, reserved 1062912K
  class space    used 1981K, capacity 2055K, committed 2176K, reserved 1048576K
Event: 11.317 GC heap after
Heap after GC invocations=7 (full 0):
 PSYoungGen      total 67072K, used 160K [0x00000000ebe00000, 0x00000000f4200000, 0x0000000100000000)
  eden space 63488K, 0% used [0x00000000ebe00000,0x00000000ebe00000,0x00000000efc00000)
  from space 3584K, 4% used [0x00000000efc00000,0x00000000efc28000,0x00000000eff80000)
  to   space 4096K, 0% used [0x00000000f3e00000,0x00000000f3e00000,0x00000000f4200000)
 ParOldGen       total 42496K, used 3428K [0x00000000c3a00000, 0x00000000c6380000, 0x00000000ebe00000)
  object space 42496K, 8% used [0x00000000c3a00000,0x00000000c3d59350,0x00000000c6380000)
 Metaspace       used 15583K, capacity 15766K, committed 16000K, reserved 1062912K
  class space    used 1981K, capacity 2055K, committed 2176K, reserved 1048576K
}
Event: 11.572 GC heap before
{Heap before GC invocations=8 (full 0):
 PSYoungGen      total 67072K, used 63648K [0x00000000ebe00000, 0x00000000f4200000, 0x0000000100000000)
  eden space 63488K, 100% used [0x00000000ebe00000,0x00000000efc00000,0x00000000efc00000)
  from space 3584K, 4% used [0x00000000efc00000,0x00000000efc28000,0x00000000eff80000)
  to   space 4096K, 0% used [0x00000000f3e00000,0x00000000f3e00000,0x00000000f4200000)
 ParOldGen       total 42496K, used 3428K [0x00000000c3a00000, 0x00000000c6380000, 0x00000000ebe00000)
  object space 42496K, 8% used [0x00000000c3a00000,0x00000000c3d59350,0x00000000c6380000)
 Metaspace       used 15590K, capacity 15766K, committed 16000K, reserved 1062912K
  class space    used 1982K, capacity 2055K, committed 2176K, reserved 1048576K
Event: 11.580 GC heap after
Heap after GC invocations=8 (full 0):
 PSYoungGen      total 131072K, used 64K [0x00000000ebe00000, 0x00000000f4200000, 0x0000000100000000)
  eden space 126976K, 0% used [0x00000000ebe00000,0x00000000ebe00000,0x00000000f3a00000)
  from space 4096K, 1% used [0x00000000f3e00000,0x00000000f3e10000,0x00000000f4200000)
  to   space 4096K, 0% used [0x00000000f3a00000,0x00000000f3a00000,0x00000000f3e00000)
 ParOldGen       total 42496K, used 3469K [0x00000000c3a00000, 0x00000000c6380000, 0x00000000ebe00000)
  object space 42496K, 8% used [0x00000000c3a00000,0x00000000c3d636d0,0x00000000c6380000)
 Metaspace       used 15590K, capacity 15766K, committed 16000K, reserved 1062912K
  class space    used 1982K, capacity 2055K, committed 2176K, reserved 1048576K
}
Event: 11.958 GC heap before
{Heap before GC invocations=9 (full 0):
 PSYoungGen      total 131072K, used 127040K [0x00000000ebe00000, 0x00000000f4200000, 0x0000000100000000)
  eden space 126976K, 100% used [0x00000000ebe00000,0x00000000f3a00000,0x00000000f3a00000)
  from space 4096K, 1% used [0x00000000f3e00000,0x00000000f3e10000,0x00000000f4200000)
  to   space 4096K, 0% used [0x00000000f3a00000,0x00000000f3a00000,0x00000000f3e00000)
 ParOldGen       total 42496K, used 3469K [0x00000000c3a00000, 0x00000000c6380000, 0x00000000ebe00000)
  object space 42496K, 8% used [0x00000000c3a00000,0x00000000c3d636d0,0x00000000c6380000)
 Metaspace       used 15624K, capacity 15766K, committed 16000K, reserved 1062912K
  class space    used 1982K, capacity 2055K, committed 2176K, reserved 1048576K
Event: 11.961 GC heap after
Heap after GC invocations=9 (full 0):
 PSYoungGen      total 131072K, used 64K [0x00000000ebe00000, 0x00000000f8d80000, 0x0000000100000000)
  eden space 126976K, 0% used [0x00000000ebe00000,0x00000000ebe00000,0x00000000f3a00000)
  from space 4096K, 1% used [0x00000000f3a00000,0x00000000f3a10000,0x00000000f3e00000)
  to   space 4608K, 0% used [0x00000000f8900000,0x00000000f8900000,0x00000000f8d80000)
 ParOldGen       total 42496K, used 3493K [0x00000000c3a00000, 0x00000000c6380000, 0x00000000ebe00000)
  object space 42496K, 8% used [0x00000000c3a00000,0x00000000c3d696d0,0x00000000c6380000)
 Metaspace       used 15624K, capacity 15766K, committed 16000K, reserved 1062912K
  class space    used 1982K, capacity 2055K, committed 2176K, reserved 1048576K
}
Event: 12.193 GC heap before
{Heap before GC invocations=10 (full 0):
 PSYoungGen      total 131072K, used 127040K [0x00000000ebe00000, 0x00000000f8d80000, 0x0000000100000000)
  eden space 126976K, 100% used [0x00000000ebe00000,0x00000000f3a00000,0x00000000f3a00000)
  from space 4096K, 1% used [0x00000000f3a00000,0x00000000f3a10000,0x00000000f3e00000)
  to   space 4608K, 0% used [0x00000000f8900000,0x00000000f8900000,0x00000000f8d80000)
 ParOldGen       total 42496K, used 3493K [0x00000000c3a00000, 0x00000000c6380000, 0x00000000ebe00000)
  object space 42496K, 8% used [0x00000000c3a00000,0x00000000c3d696d0,0x00000000c6380000)
 Metaspace       used 15636K, capacity 15766K, committed 16000K, reserved 1062912K
  class space    used 1982K, capacity 2055K, committed 2176K, reserved 1048576K
Event: 12.295 GC heap after
Heap after GC invocations=10 (full 0):
 PSYoungGen      total 207872K, used 128K [0x00000000ebe00000, 0x00000000f8d80000, 0x0000000100000000)
  eden space 203264K, 0% used [0x00000000ebe00000,0x00000000ebe00000,0x00000000f8480000)
  from space 4608K, 2% used [0x00000000f8900000,0x00000000f8920000,0x00000000f8d80000)
  to   space 4608K, 0% used [0x00000000f8480000,0x00000000f8480000,0x00000000f8900000)
 ParOldGen       total 42496K, used 3501K [0x00000000c3a00000, 0x00000000c6380000, 0x00000000ebe00000)
  object space 42496K, 8% used [0x00000000c3a00000,0x00000000c3d6b6d0,0x00000000c6380000)
 Metaspace       used 15636K, capacity 15766K, committed 16000K, reserved 1062912K
  class space    used 1982K, capacity 2055K, committed 2176K, reserved 1048576K
}
Event: 12.617 GC heap before
{Heap before GC invocations=11 (full 0):
 PSYoungGen      total 207872K, used 203392K [0x00000000ebe00000, 0x00000000f8d80000, 0x0000000100000000)
  eden space 203264K, 100% used [0x00000000ebe00000,0x00000000f8480000,0x00000000f8480000)
  from space 4608K, 2% used [0x00000000f8900000,0x00000000f8920000,0x00000000f8d80000)
  to   space 4608K, 0% used [0x00000000f8480000,0x00000000f8480000,0x00000000f8900000)
 ParOldGen       total 42496K, used 3501K [0x00000000c3a00000, 0x00000000c6380000, 0x00000000ebe00000)
  object space 42496K, 8% used [0x00000000c3a00000,0x00000000c3d6b6d0,0x00000000c6380000)
 Metaspace       used 15646K, capacity 15830K, committed 16256K, reserved 1062912K
  class space    used 1982K, capacity 2055K, committed 2176K, reserved 1048576K

