# JRE version: Java(TM) SE Runtime Environment (8.0_111-b14) (build 1.8.0_111-b14)
# Java VM: Java HotSpot(TM) 64-Bit Server VM (25.111-b14 mixed mode linux-amd64 compressed oops)
Heap:
 PSYoungGen      total 207872K, used 192K [0x00000000ebe00000, 0x00000000f8d80000, 0x0000000100000000)
  eden space 203264K, 0% used [0x00000000ebe00000,0x00000000ebe00000,0x00000000f8480000)
  from space 4608K, 4% used [0x00000000f8480000,0x00000000f84b0000,0x00000000f8900000)
  to   space 4608K, 0% used [0x00000000f8900000,0x00000000f8900000,0x00000000f8d80000)
 ParOldGen       total 42496K, used 3474K [0x00000000c3a00000, 0x00000000c6380000, 0x00000000ebe00000)
  object space 42496K, 8% used [0x00000000c3a00000,0x00000000c3d64a30,0x00000000c6380000)
 Metaspace       used 16245K, capacity 16492K, committed 16896K, reserved 1064960K
  class space    used 2113K, capacity 2194K, committed 2304K, reserved 1048576K
GC Heap History (10 events):
Event: 13.746 GC heap after
Heap after GC invocations=6 (full 0):
 PSYoungGen      total 67072K, used 2560K [0x00000000ebe00000, 0x00000000f0300000, 0x0000000100000000)
  eden space 63488K, 0% used [0x00000000ebe00000,0x00000000ebe00000,0x00000000efc00000)
  from space 3584K, 71% used [0x00000000eff80000,0x00000000f02003b8,0x00000000f0300000)
  to   space 3584K, 0% used [0x00000000efc00000,0x00000000efc00000,0x00000000eff80000)
 ParOldGen       total 42496K, used 960K [0x00000000c3a00000, 0x00000000c6380000, 0x00000000ebe00000)
  object space 42496K, 2% used [0x00000000c3a00000,0x00000000c3af0390,0x00000000c6380000)
 Metaspace       used 15707K, capacity 15862K, committed 16256K, reserved 1062912K
  class space    used 2008K, capacity 2087K, committed 2176K, reserved 1048576K
}
Event: 14.579 GC heap before
{Heap before GC invocations=7 (full 0):
 PSYoungGen      total 67072K, used 66048K [0x00000000ebe00000, 0x00000000f0300000, 0x0000000100000000)
  eden space 63488K, 100% used [0x00000000ebe00000,0x00000000efc00000,0x00000000efc00000)
  from space 3584K, 71% used [0x00000000eff80000,0x00000000f02003b8,0x00000000f0300000)
  to   space 3584K, 0% used [0x00000000efc00000,0x00000000efc00000,0x00000000eff80000)
 ParOldGen       total 42496K, used 960K [0x00000000c3a00000, 0x00000000c6380000, 0x00000000ebe00000)
  object space 42496K, 2% used [0x00000000c3a00000,0x00000000c3af0390,0x00000000c6380000)
 Metaspace       used 15717K, capacity 15862K, committed 16256K, reserved 1062912K
  class space    used 2008K, capacity 2087K, committed 2176K, reserved 1048576K
Event: 14.601 GC heap after
Heap after GC invocations=7 (full 0):
 PSYoungGen      total 67072K, used 192K [0x00000000ebe00000, 0x00000000f4200000, 0x0000000100000000)
  eden space 63488K, 0% used [0x00000000ebe00000,0x00000000ebe00000,0x00000000efc00000)
  from space 3584K, 5% used [0x00000000efc00000,0x00000000efc30000,0x00000000eff80000)
  to   space 4096K, 0% used [0x00000000f3e00000,0x00000000f3e00000,0x00000000f4200000)
 ParOldGen       total 42496K, used 3377K [0x00000000c3a00000, 0x00000000c6380000, 0x00000000ebe00000)
  object space 42496K, 7% used [0x00000000c3a00000,0x00000000c3d4c6b0,0x00000000c6380000)
 Metaspace       used 15717K, capacity 15862K, committed 16256K, reserved 1062912K
  class space    used 2008K, capacity 2087K, committed 2176K, reserved 1048576K
}
Event: 15.772 GC heap before
{Heap before GC invocations=8 (full 0):
 PSYoungGen      total 67072K, used 63680K [0x00000000ebe00000, 0x00000000f4200000, 0x0000000100000000)
  eden space 63488K, 100% used [0x00000000ebe00000,0x00000000efc00000,0x00000000efc00000)
  from space 3584K, 5% used [0x00000000efc00000,0x00000000efc30000,0x00000000eff80000)
  to   space 4096K, 0% used [0x00000000f3e00000,0x00000000f3e00000,0x00000000f4200000)
 ParOldGen       total 42496K, used 3377K [0x00000000c3a00000, 0x00000000c6380000, 0x00000000ebe00000)
  object space 42496K, 7% used [0x00000000c3a00000,0x00000000c3d4c6b0,0x00000000c6380000)
 Metaspace       used 15736K, capacity 15926K, committed 16256K, reserved 1062912K
  class space    used 2008K, capacity 2087K, committed 2176K, reserved 1048576K
Event: 15.778 GC heap after
Heap after GC invocations=8 (full 0):
 PSYoungGen      total 131072K, used 64K [0x00000000ebe00000, 0x00000000f4200000, 0x0000000100000000)
  eden space 126976K, 0% used [0x00000000ebe00000,0x00000000ebe00000,0x00000000f3a00000)
  from space 4096K, 1% used [0x00000000f3e00000,0x00000000f3e10000,0x00000000f4200000)
  to   space 4096K, 0% used [0x00000000f3a00000,0x00000000f3a00000,0x00000000f3e00000)
 ParOldGen       total 42496K, used 3426K [0x00000000c3a00000, 0x00000000c6380000, 0x00000000ebe00000)
  object space 42496K, 8% used [0x00000000c3a00000,0x00000000c3d58a30,0x00000000c6380000)
 Metaspace       used 15736K, capacity 15926K, committed 16256K, reserved 1062912K
  class space    used 2008K, capacity 2087K, committed 2176K, reserved 1048576K
}
Event: 17.760 GC heap before
{Heap before GC invocations=9 (full 0):
 PSYoungGen      total 131072K, used 127040K [0x00000000ebe00000, 0x00000000f4200000, 0x0000000100000000)
  eden space 126976K, 100% used [0x00000000ebe00000,0x00000000f3a00000,0x00000000f3a00000)
  from space 4096K, 1% used [0x00000000f3e00000,0x00000000f3e10000,0x00000000f4200000)
  to   space 4096K, 0% used [0x00000000f3a00000,0x00000000f3a00000,0x00000000f3e00000)
 ParOldGen       total 42496K, used 3426K [0x00000000c3a00000, 0x00000000c6380000, 0x00000000ebe00000)
  object space 42496K, 8% used [0x00000000c3a00000,0x00000000c3d58a30,0x00000000c6380000)
 Metaspace       used 15796K, capacity 15990K, committed 16256K, reserved 1062912K
  class space    used 2009K, capacity 2087K, committed 2176K, reserved 1048576K
Event: 17.776 GC heap after
Heap after GC invocations=9 (full 0):
 PSYoungGen      total 131072K, used 96K [0x00000000ebe00000, 0x00000000f8d80000, 0x0000000100000000)
  eden space 126976K, 0% used [0x00000000ebe00000,0x00000000ebe00000,0x00000000f3a00000)
  from space 4096K, 2% used [0x00000000f3a00000,0x00000000f3a18000,0x00000000f3e00000)
  to   space 4608K, 0% used [0x00000000f8900000,0x00000000f8900000,0x00000000f8d80000)
 ParOldGen       total 42496K, used 3450K [0x00000000c3a00000, 0x00000000c6380000, 0x00000000ebe00000)
  object space 42496K, 8% used [0x00000000c3a00000,0x00000000c3d5ea30,0x00000000c6380000)
 Metaspace       used 15796K, capacity 15990K, committed 16256K, reserved 1062912K
  class space    used 2009K, capacity 2087K, committed 2176K, reserved 1048576K
}
Event: 18.208 GC heap before
{Heap before GC invocations=10 (full 0):
 PSYoungGen      total 131072K, used 127072K [0x00000000ebe00000, 0x00000000f8d80000, 0x0000000100000000)
  eden space 126976K, 100% used [0x00000000ebe00000,0x00000000f3a00000,0x00000000f3a00000)
  from space 4096K, 2% used [0x00000000f3a00000,0x00000000f3a18000,0x00000000f3e00000)
  to   space 4608K, 0% used [0x00000000f8900000,0x00000000f8900000,0x00000000f8d80000)
 ParOldGen       total 42496K, used 3450K [0x00000000c3a00000, 0x00000000c6380000, 0x00000000ebe00000)
  object space 42496K, 8% used [0x00000000c3a00000,0x00000000c3d5ea30,0x00000000c6380000)
 Metaspace       used 15825K, capacity 15990K, committed 16256K, reserved 1062912K
  class space    used 2009K, capacity 2087K, committed 2176K, reserved 1048576K
Event: 18.211 GC heap after
Heap after GC invocations=10 (full 0):
 PSYoungGen      total 207872K, used 32K [0x00000000ebe00000, 0x00000000f8d80000, 0x0000000100000000)
  eden space 203264K, 0% used [0x00000000ebe00000,0x00000000ebe00000,0x00000000f8480000)
  from space 4608K, 0% used [0x00000000f8900000,0x00000000f8908000,0x00000000f8d80000)
  to   space 4608K, 0% used [0x00000000f8480000,0x00000000f8480000,0x00000000f8900000)
 ParOldGen       total 42496K, used 3458K [0x00000000c3a00000, 0x00000000c6380000, 0x00000000ebe00000)
  object space 42496K, 8% used [0x00000000c3a00000,0x00000000c3d60a30,0x00000000c6380000)
 Metaspace       used 15825K, capacity 15990K, committed 16256K, reserved 1062912K
  class space    used 2009K, capacity 2087K, committed 2176K, reserved 1048576K
}
Event: 19.105 GC heap before
{Heap before GC invocations=11 (full 0):
 PSYoungGen      total 207872K, used 203296K [0x00000000ebe00000, 0x00000000f8d80000, 0x0000000100000000)
  eden space 203264K, 100% used [0x00000000ebe00000,0x00000000f8480000,0x00000000f8480000)
  from space 4608K, 0% used [0x00000000f8900000,0x00000000f8908000,0x00000000f8d80000)
  to   space 4608K, 0% used [0x00000000f8480000,0x00000000f8480000,0x00000000f8900000)
 ParOldGen       total 42496K, used 3458K [0x00000000c3a00000, 0x00000000c6380000, 0x00000000ebe00000)
  object space 42496K, 8% used [0x00000000c3a00000,0x00000000c3d60a30,0x00000000c6380000)
 Metaspace       used 16245K, capacity 16492K, committed 16896K, reserved 1064960K
  class space    used 2113K, capacity 2194K, committed 2304K, reserved 1048576K

