# JRE version: Java(TM) SE Runtime Environment (8.0_111-b14) (build 1.8.0_111-b14)
# Java VM: Java HotSpot(TM) 64-Bit Server VM (25.111-b14 mixed mode linux-amd64 compressed oops)
Heap:
 PSYoungGen      total 207872K, used 64K [0x00000000ebe00000, 0x00000000f8d80000, 0x0000000100000000)
  eden space 203264K, 0% used [0x00000000ebe00000,0x00000000ebe00000,0x00000000f8480000)
  from space 4608K, 1% used [0x00000000f8480000,0x00000000f8490000,0x00000000f8900000)
  to   space 4608K, 0% used [0x00000000f8900000,0x00000000f8900000,0x00000000f8d80000)
 ParOldGen       total 42496K, used 3549K [0x00000000c3a00000, 0x00000000c6380000, 0x00000000ebe00000)
  object space 42496K, 8% used [0x00000000c3a00000,0x00000000c3d77670,0x00000000c6380000)
 Metaspace       used 15301K, capacity 15492K, committed 15872K, reserved 1062912K
  class space    used 1912K, capacity 1964K, committed 2048K, reserved 1048576K
GC Heap History (10 events):
Event: 5.689 GC heap after
Heap after GC invocations=6 (full 0):
 PSYoungGen      total 67072K, used 2562K [0x00000000ebe00000, 0x00000000f0300000, 0x0000000100000000)
  eden space 63488K, 0% used [0x00000000ebe00000,0x00000000ebe00000,0x00000000efc00000)
  from space 3584K, 71% used [0x00000000eff80000,0x00000000f0200bd8,0x00000000f0300000)
  to   space 3584K, 0% used [0x00000000efc00000,0x00000000efc00000,0x00000000eff80000)
 ParOldGen       total 42496K, used 993K [0x00000000c3a00000, 0x00000000c6380000, 0x00000000ebe00000)
  object space 42496K, 2% used [0x00000000c3a00000,0x00000000c3af8718,0x00000000c6380000)
 Metaspace       used 15193K, capacity 15424K, committed 15616K, reserved 1062912K
  class space    used 1912K, capacity 1964K, committed 2048K, reserved 1048576K
}
Event: 5.947 GC heap before
{Heap before GC invocations=7 (full 0):
 PSYoungGen      total 67072K, used 66050K [0x00000000ebe00000, 0x00000000f0300000, 0x0000000100000000)
  eden space 63488K, 100% used [0x00000000ebe00000,0x00000000efc00000,0x00000000efc00000)
  from space 3584K, 71% used [0x00000000eff80000,0x00000000f0200bd8,0x00000000f0300000)
  to   space 3584K, 0% used [0x00000000efc00000,0x00000000efc00000,0x00000000eff80000)
 ParOldGen       total 42496K, used 993K [0x00000000c3a00000, 0x00000000c6380000, 0x00000000ebe00000)
  object space 42496K, 2% used [0x00000000c3a00000,0x00000000c3af8718,0x00000000c6380000)
 Metaspace       used 15213K, capacity 15428K, committed 15616K, reserved 1062912K
  class space    used 1912K, capacity 1964K, committed 2048K, reserved 1048576K
Event: 5.954 GC heap after
Heap after GC invocations=7 (full 0):
 PSYoungGen      total 67072K, used 128K [0x00000000ebe00000, 0x00000000f4200000, 0x0000000100000000)
  eden space 63488K, 0% used [0x00000000ebe00000,0x00000000ebe00000,0x00000000efc00000)
  from space 3584K, 3% used [0x00000000efc00000,0x00000000efc20000,0x00000000eff80000)
  to   space 4096K, 0% used [0x00000000f3e00000,0x00000000f3e00000,0x00000000f4200000)
 ParOldGen       total 42496K, used 3493K [0x00000000c3a00000, 0x00000000c6380000, 0x00000000ebe00000)
  object space 42496K, 8% used [0x00000000c3a00000,0x00000000c3d69670,0x00000000c6380000)
 Metaspace       used 15213K, capacity 15428K, committed 15616K, reserved 1062912K
  class space    used 1912K, capacity 1964K, committed 2048K, reserved 1048576K
}
Event: 6.112 GC heap before
{Heap before GC invocations=8 (full 0):
 PSYoungGen      total 67072K, used 63616K [0x00000000ebe00000, 0x00000000f4200000, 0x0000000100000000)
  eden space 63488K, 100% used [0x00000000ebe00000,0x00000000efc00000,0x00000000efc00000)
  from space 3584K, 3% used [0x00000000efc00000,0x00000000efc20000,0x00000000eff80000)
  to   space 4096K, 0% used [0x00000000f3e00000,0x00000000f3e00000,0x00000000f4200000)
 ParOldGen       total 42496K, used 3493K [0x00000000c3a00000, 0x00000000c6380000, 0x00000000ebe00000)
  object space 42496K, 8% used [0x00000000c3a00000,0x00000000c3d69670,0x00000000c6380000)
 Metaspace       used 15220K, capacity 15428K, committed 15616K, reserved 1062912K
  class space    used 1912K, capacity 1964K, committed 2048K, reserved 1048576K
Event: 6.115 GC heap after
Heap after GC invocations=8 (full 0):
 PSYoungGen      total 131072K, used 64K [0x00000000ebe00000, 0x00000000f4200000, 0x0000000100000000)
  eden space 126976K, 0% used [0x00000000ebe00000,0x00000000ebe00000,0x00000000f3a00000)
  from space 4096K, 1% used [0x00000000f3e00000,0x00000000f3e10000,0x00000000f4200000)
  to   space 4096K, 0% used [0x00000000f3a00000,0x00000000f3a00000,0x00000000f3e00000)
 ParOldGen       total 42496K, used 3525K [0x00000000c3a00000, 0x00000000c6380000, 0x00000000ebe00000)
  object space 42496K, 8% used [0x00000000c3a00000,0x00000000c3d71670,0x00000000c6380000)
 Metaspace       used 15220K, capacity 15428K, committed 15616K, reserved 1062912K
  class space    used 1912K, capacity 1964K, committed 2048K, reserved 1048576K
}
Event: 6.536 GC heap before
{Heap before GC invocations=9 (full 0):
 PSYoungGen      total 131072K, used 127040K [0x00000000ebe00000, 0x00000000f4200000, 0x0000000100000000)
  eden space 126976K, 100% used [0x00000000ebe00000,0x00000000f3a00000,0x00000000f3a00000)
  from space 4096K, 1% used [0x00000000f3e00000,0x00000000f3e10000,0x00000000f4200000)
  to   space 4096K, 0% used [0x00000000f3a00000,0x00000000f3a00000,0x00000000f3e00000)
 ParOldGen       total 42496K, used 3525K [0x00000000c3a00000, 0x00000000c6380000, 0x00000000ebe00000)
  object space 42496K, 8% used [0x00000000c3a00000,0x00000000c3d71670,0x00000000c6380000)
 Metaspace       used 15266K, capacity 15492K, committed 15872K, reserved 1062912K
  class space    used 1912K, capacity 1964K, committed 2048K, reserved 1048576K
Event: 6.543 GC heap after
Heap after GC invocations=9 (full 0):
 PSYoungGen      total 131072K, used 96K [0x00000000ebe00000, 0x00000000f8d80000, 0x0000000100000000)
  eden space 126976K, 0% used [0x00000000ebe00000,0x00000000ebe00000,0x00000000f3a00000)
  from space 4096K, 2% used [0x00000000f3a00000,0x00000000f3a18000,0x00000000f3e00000)
  to   space 4608K, 0% used [0x00000000f8900000,0x00000000f8900000,0x00000000f8d80000)
 ParOldGen       total 42496K, used 3533K [0x00000000c3a00000, 0x00000000c6380000, 0x00000000ebe00000)
  object space 42496K, 8% used [0x00000000c3a00000,0x00000000c3d73670,0x00000000c6380000)
 Metaspace       used 15266K, capacity 15492K, committed 15872K, reserved 1062912K
  class space    used 1912K, capacity 1964K, committed 2048K, reserved 1048576K
}
Event: 6.774 GC heap before
{Heap before GC invocations=10 (full 0):
 PSYoungGen      total 131072K, used 127072K [0x00000000ebe00000, 0x00000000f8d80000, 0x0000000100000000)
  eden space 126976K, 100% used [0x00000000ebe00000,0x00000000f3a00000,0x00000000f3a00000)
  from space 4096K, 2% used [0x00000000f3a00000,0x00000000f3a18000,0x00000000f3e00000)
  to   space 4608K, 0% used [0x00000000f8900000,0x00000000f8900000,0x00000000f8d80000)
 ParOldGen       total 42496K, used 3533K [0x00000000c3a00000, 0x00000000c6380000, 0x00000000ebe00000)
  object space 42496K, 8% used [0x00000000c3a00000,0x00000000c3d73670,0x00000000c6380000)
 Metaspace       used 15287K, capacity 15492K, committed 15872K, reserved 1062912K
  class space    used 1912K, capacity 1964K, committed 2048K, reserved 1048576K
Event: 6.866 GC heap after
Heap after GC invocations=10 (full 0):
 PSYoungGen      total 207872K, used 96K [0x00000000ebe00000, 0x00000000f8d80000, 0x0000000100000000)
  eden space 203264K, 0% used [0x00000000ebe00000,0x00000000ebe00000,0x00000000f8480000)
  from space 4608K, 2% used [0x00000000f8900000,0x00000000f8918000,0x00000000f8d80000)
  to   space 4608K, 0% used [0x00000000f8480000,0x00000000f8480000,0x00000000f8900000)
 ParOldGen       total 42496K, used 3541K [0x00000000c3a00000, 0x00000000c6380000, 0x00000000ebe00000)
  object space 42496K, 8% used [0x00000000c3a00000,0x00000000c3d75670,0x00000000c6380000)
 Metaspace       used 15287K, capacity 15492K, committed 15872K, reserved 1062912K
  class space    used 1912K, capacity 1964K, committed 2048K, reserved 1048576K
}
Event: 7.254 GC heap before
{Heap before GC invocations=11 (full 0):
 PSYoungGen      total 207872K, used 203360K [0x00000000ebe00000, 0x00000000f8d80000, 0x0000000100000000)
  eden space 203264K, 100% used [0x00000000ebe00000,0x00000000f8480000,0x00000000f8480000)
  from space 4608K, 2% used [0x00000000f8900000,0x00000000f8918000,0x00000000f8d80000)
  to   space 4608K, 0% used [0x00000000f8480000,0x00000000f8480000,0x00000000f8900000)
 ParOldGen       total 42496K, used 3541K [0x00000000c3a00000, 0x00000000c6380000, 0x00000000ebe00000)
  object space 42496K, 8% used [0x00000000c3a00000,0x00000000c3d75670,0x00000000c6380000)
 Metaspace       used 15301K, capacity 15492K, committed 15872K, reserved 1062912K
  class space    used 1912K, capacity 1964K, committed 2048K, reserved 1048576K

