# JRE version: Java(TM) SE Runtime Environment (8.0_111-b14) (build 1.8.0_111-b14)
# Java VM: Java HotSpot(TM) 64-Bit Server VM (25.111-b14 mixed mode linux-amd64 compressed oops)
Heap:
 PSYoungGen      total 130560K, used 64K [0x00000000ebe00000, 0x00000000f4200000, 0x0000000100000000)
  eden space 126464K, 0% used [0x00000000ebe00000,0x00000000ebe00000,0x00000000f3980000)
  from space 4096K, 1% used [0x00000000f3980000,0x00000000f3990000,0x00000000f3d80000)
  to   space 3584K, 0% used [0x00000000f3d80000,0x00000000f3d80000,0x00000000f4100000)
 ParOldGen       total 42496K, used 3306K [0x00000000c3a00000, 0x00000000c6380000, 0x00000000ebe00000)
  object space 42496K, 7% used [0x00000000c3a00000,0x00000000c3d3aa00,0x00000000c6380000)
 Metaspace       used 14425K, capacity 14580K, committed 14720K, reserved 1062912K
  class space    used 1817K, capacity 1898K, committed 1920K, reserved 1048576K
GC Heap History (10 events):
Event: 6.275 GC heap after
Heap after GC invocations=4 (full 0):
 PSYoungGen      total 34304K, used 2546K [0x00000000ebe00000, 0x00000000ee200000, 0x0000000100000000)
  eden space 31744K, 0% used [0x00000000ebe00000,0x00000000ebe00000,0x00000000edd00000)
  from space 2560K, 99% used [0x00000000edf80000,0x00000000ee1fcbd8,0x00000000ee200000)
  to   space 2560K, 0% used [0x00000000edd00000,0x00000000edd00000,0x00000000edf80000)
 ParOldGen       total 42496K, used 430K [0x00000000c3a00000, 0x00000000c6380000, 0x00000000ebe00000)
  object space 42496K, 1% used [0x00000000c3a00000,0x00000000c3a6b980,0x00000000c6380000)
 Metaspace       used 14073K, capacity 14224K, committed 14464K, reserved 1062912K
  class space    used 1782K, capacity 1866K, committed 1920K, reserved 1048576K
}
Event: 6.422 GC heap before
{Heap before GC invocations=5 (full 0):
 PSYoungGen      total 34304K, used 34290K [0x00000000ebe00000, 0x00000000ee200000, 0x0000000100000000)
  eden space 31744K, 100% used [0x00000000ebe00000,0x00000000edd00000,0x00000000edd00000)
  from space 2560K, 99% used [0x00000000edf80000,0x00000000ee1fcbd8,0x00000000ee200000)
  to   space 2560K, 0% used [0x00000000edd00000,0x00000000edd00000,0x00000000edf80000)
 ParOldGen       total 42496K, used 716K [0x00000000c3a00000, 0x00000000c6380000, 0x00000000ebe00000)
  object space 42496K, 1% used [0x00000000c3a00000,0x00000000c3ab30e0,0x00000000c6380000)
 Metaspace       used 14145K, capacity 14356K, committed 14720K, reserved 1062912K
  class space    used 1784K, capacity 1866K, committed 1920K, reserved 1048576K
Event: 6.444 GC heap after
Heap after GC invocations=5 (full 0):
 PSYoungGen      total 34304K, used 2532K [0x00000000ebe00000, 0x00000000f0200000, 0x0000000100000000)
  eden space 31744K, 0% used [0x00000000ebe00000,0x00000000ebe00000,0x00000000edd00000)
  from space 2560K, 98% used [0x00000000edd00000,0x00000000edf793f8,0x00000000edf80000)
  to   space 3072K, 0% used [0x00000000eff00000,0x00000000eff00000,0x00000000f0200000)
 ParOldGen       total 42496K, used 788K [0x00000000c3a00000, 0x00000000c6380000, 0x00000000ebe00000)
  object space 42496K, 1% used [0x00000000c3a00000,0x00000000c3ac50e0,0x00000000c6380000)
 Metaspace       used 14145K, capacity 14356K, committed 14720K, reserved 1062912K
  class space    used 1784K, capacity 1866K, committed 1920K, reserved 1048576K
}
Event: 6.570 GC heap before
{Heap before GC invocations=6 (full 0):
 PSYoungGen      total 34304K, used 34276K [0x00000000ebe00000, 0x00000000f0200000, 0x0000000100000000)
  eden space 31744K, 100% used [0x00000000ebe00000,0x00000000edd00000,0x00000000edd00000)
  from space 2560K, 98% used [0x00000000edd00000,0x00000000edf793f8,0x00000000edf80000)
  to   space 3072K, 0% used [0x00000000eff00000,0x00000000eff00000,0x00000000f0200000)
 ParOldGen       total 42496K, used 791K [0x00000000c3a00000, 0x00000000c6380000, 0x00000000ebe00000)
  object space 42496K, 1% used [0x00000000c3a00000,0x00000000c3ac5ed0,0x00000000c6380000)
 Metaspace       used 14271K, capacity 14452K, committed 14720K, reserved 1062912K
  class space    used 1798K, capacity 1898K, committed 1920K, reserved 1048576K
Event: 6.586 GC heap after
Heap after GC invocations=6 (full 0):
 PSYoungGen      total 66560K, used 2596K [0x00000000ebe00000, 0x00000000f0200000, 0x0000000100000000)
  eden space 63488K, 0% used [0x00000000ebe00000,0x00000000ebe00000,0x00000000efc00000)
  from space 3072K, 84% used [0x00000000eff00000,0x00000000f01893f8,0x00000000f0200000)
  to   space 3072K, 0% used [0x00000000efc00000,0x00000000efc00000,0x00000000eff00000)
 ParOldGen       total 42496K, used 799K [0x00000000c3a00000, 0x00000000c6380000, 0x00000000ebe00000)
  object space 42496K, 1% used [0x00000000c3a00000,0x00000000c3ac7ed0,0x00000000c6380000)
 Metaspace       used 14271K, capacity 14452K, committed 14720K, reserved 1062912K
  class space    used 1798K, capacity 1898K, committed 1920K, reserved 1048576K
}
Event: 6.851 GC heap before
{Heap before GC invocations=7 (full 0):
 PSYoungGen      total 66560K, used 66084K [0x00000000ebe00000, 0x00000000f0200000, 0x0000000100000000)
  eden space 63488K, 100% used [0x00000000ebe00000,0x00000000efc00000,0x00000000efc00000)
  from space 3072K, 84% used [0x00000000eff00000,0x00000000f01893f8,0x00000000f0200000)
  to   space 3072K, 0% used [0x00000000efc00000,0x00000000efc00000,0x00000000eff00000)
 ParOldGen       total 42496K, used 799K [0x00000000c3a00000, 0x00000000c6380000, 0x00000000ebe00000)
  object space 42496K, 1% used [0x00000000c3a00000,0x00000000c3ac7ed0,0x00000000c6380000)
 Metaspace       used 14386K, capacity 14580K, committed 14720K, reserved 1062912K
  class space    used 1815K, capacity 1898K, committed 1920K, reserved 1048576K
Event: 6.872 GC heap after
Heap after GC invocations=7 (full 0):
 PSYoungGen      total 66560K, used 128K [0x00000000ebe00000, 0x00000000f4100000, 0x0000000100000000)
  eden space 63488K, 0% used [0x00000000ebe00000,0x00000000ebe00000,0x00000000efc00000)
  from space 3072K, 4% used [0x00000000efc00000,0x00000000efc20000,0x00000000eff00000)
  to   space 3584K, 0% used [0x00000000f3d80000,0x00000000f3d80000,0x00000000f4100000)
 ParOldGen       total 42496K, used 3226K [0x00000000c3a00000, 0x00000000c6380000, 0x00000000ebe00000)
  object space 42496K, 7% used [0x00000000c3a00000,0x00000000c3d26a00,0x00000000c6380000)
 Metaspace       used 14386K, capacity 14580K, committed 14720K, reserved 1062912K
  class space    used 1815K, capacity 1898K, committed 1920K, reserved 1048576K
}
Event: 7.031 GC heap before
{Heap before GC invocations=8 (full 0):
 PSYoungGen      total 66560K, used 63616K [0x00000000ebe00000, 0x00000000f4100000, 0x0000000100000000)
  eden space 63488K, 100% used [0x00000000ebe00000,0x00000000efc00000,0x00000000efc00000)
  from space 3072K, 4% used [0x00000000efc00000,0x00000000efc20000,0x00000000eff00000)
  to   space 3584K, 0% used [0x00000000f3d80000,0x00000000f3d80000,0x00000000f4100000)
 ParOldGen       total 42496K, used 3226K [0x00000000c3a00000, 0x00000000c6380000, 0x00000000ebe00000)
  object space 42496K, 7% used [0x00000000c3a00000,0x00000000c3d26a00,0x00000000c6380000)
 Metaspace       used 14386K, capacity 14580K, committed 14720K, reserved 1062912K
  class space    used 1815K, capacity 1898K, committed 1920K, reserved 1048576K
Event: 7.062 GC heap after
Heap after GC invocations=8 (full 0):
 PSYoungGen      total 130048K, used 160K [0x00000000ebe00000, 0x00000000f4200000, 0x0000000100000000)
  eden space 126464K, 0% used [0x00000000ebe00000,0x00000000ebe00000,0x00000000f3980000)
  from space 3584K, 4% used [0x00000000f3d80000,0x00000000f3da8000,0x00000000f4100000)
  to   space 4096K, 0% used [0x00000000f3980000,0x00000000f3980000,0x00000000f3d80000)
 ParOldGen       total 42496K, used 3258K [0x00000000c3a00000, 0x00000000c6380000, 0x00000000ebe00000)
  object space 42496K, 7% used [0x00000000c3a00000,0x00000000c3d2ea00,0x00000000c6380000)
 Metaspace       used 14386K, capacity 14580K, committed 14720K, reserved 1062912K
  class space    used 1815K, capacity 1898K, committed 1920K, reserved 1048576K
}
Event: 7.322 GC heap before
{Heap before GC invocations=9 (full 0):
 PSYoungGen      total 130048K, used 126624K [0x00000000ebe00000, 0x00000000f4200000, 0x0000000100000000)
  eden space 126464K, 100% used [0x00000000ebe00000,0x00000000f3980000,0x00000000f3980000)
  from space 3584K, 4% used [0x00000000f3d80000,0x00000000f3da8000,0x00000000f4100000)
  to   space 4096K, 0% used [0x00000000f3980000,0x00000000f3980000,0x00000000f3d80000)
 ParOldGen       total 42496K, used 3258K [0x00000000c3a00000, 0x00000000c6380000, 0x00000000ebe00000)
  object space 42496K, 7% used [0x00000000c3a00000,0x00000000c3d2ea00,0x00000000c6380000)
 Metaspace       used 14425K, capacity 14580K, committed 14720K, reserved 1062912K
  class space    used 1817K, capacity 1898K, committed 1920K, reserved 1048576K

