# JRE version: Java(TM) SE Runtime Environment (8.0_111-b14) (build 1.8.0_111-b14)
# Java VM: Java HotSpot(TM) 64-Bit Server VM (25.111-b14 mixed mode linux-amd64 compressed oops)
Heap:
 PSYoungGen      total 207360K, used 64K [0x00000000ebe00000, 0x00000000f8d80000, 0x0000000100000000)
  eden space 202752K, 0% used [0x00000000ebe00000,0x00000000ebe00000,0x00000000f8400000)
  from space 4608K, 1% used [0x00000000f8400000,0x00000000f8410000,0x00000000f8880000)
  to   space 4096K, 0% used [0x00000000f8880000,0x00000000f8880000,0x00000000f8c80000)
 ParOldGen       total 42496K, used 3219K [0x00000000c3a00000, 0x00000000c6380000, 0x00000000ebe00000)
  object space 42496K, 7% used [0x00000000c3a00000,0x00000000c3d24e10,0x00000000c6380000)
 Metaspace       used 14723K, capacity 14898K, committed 15104K, reserved 1062912K
  class space    used 1875K, capacity 1959K, committed 2048K, reserved 1048576K
GC Heap History (10 events):
Event: 6.099 GC heap after
Heap after GC invocations=6 (full 0):
 PSYoungGen      total 67072K, used 2546K [0x00000000ebe00000, 0x00000000f0300000, 0x0000000100000000)
  eden space 63488K, 0% used [0x00000000ebe00000,0x00000000ebe00000,0x00000000efc00000)
  from space 3584K, 71% used [0x00000000eff80000,0x00000000f01fcbc8,0x00000000f0300000)
  to   space 3584K, 0% used [0x00000000efc00000,0x00000000efc00000,0x00000000eff80000)
 ParOldGen       total 42496K, used 704K [0x00000000c3a00000, 0x00000000c6380000, 0x00000000ebe00000)
  object space 42496K, 1% used [0x00000000c3a00000,0x00000000c3ab0370,0x00000000c6380000)
 Metaspace       used 14722K, capacity 14898K, committed 15104K, reserved 1062912K
  class space    used 1875K, capacity 1959K, committed 2048K, reserved 1048576K
}
Event: 6.367 GC heap before
{Heap before GC invocations=7 (full 0):
 PSYoungGen      total 67072K, used 66034K [0x00000000ebe00000, 0x00000000f0300000, 0x0000000100000000)
  eden space 63488K, 100% used [0x00000000ebe00000,0x00000000efc00000,0x00000000efc00000)
  from space 3584K, 71% used [0x00000000eff80000,0x00000000f01fcbc8,0x00000000f0300000)
  to   space 3584K, 0% used [0x00000000efc00000,0x00000000efc00000,0x00000000eff80000)
 ParOldGen       total 42496K, used 704K [0x00000000c3a00000, 0x00000000c6380000, 0x00000000ebe00000)
  object space 42496K, 1% used [0x00000000c3a00000,0x00000000c3ab0370,0x00000000c6380000)
 Metaspace       used 14723K, capacity 14898K, committed 15104K, reserved 1062912K
  class space    used 1875K, capacity 1959K, committed 2048K, reserved 1048576K
Event: 6.387 GC heap after
Heap after GC invocations=7 (full 0):
 PSYoungGen      total 67072K, used 96K [0x00000000ebe00000, 0x00000000f4200000, 0x0000000100000000)
  eden space 63488K, 0% used [0x00000000ebe00000,0x00000000ebe00000,0x00000000efc00000)
  from space 3584K, 2% used [0x00000000efc00000,0x00000000efc18000,0x00000000eff80000)
  to   space 4096K, 0% used [0x00000000f3e00000,0x00000000f3e00000,0x00000000f4200000)
 ParOldGen       total 42496K, used 3203K [0x00000000c3a00000, 0x00000000c6380000, 0x00000000ebe00000)
  object space 42496K, 7% used [0x00000000c3a00000,0x00000000c3d20e10,0x00000000c6380000)
 Metaspace       used 14723K, capacity 14898K, committed 15104K, reserved 1062912K
  class space    used 1875K, capacity 1959K, committed 2048K, reserved 1048576K
}
Event: 6.720 GC heap before
{Heap before GC invocations=8 (full 0):
 PSYoungGen      total 67072K, used 63584K [0x00000000ebe00000, 0x00000000f4200000, 0x0000000100000000)
  eden space 63488K, 100% used [0x00000000ebe00000,0x00000000efc00000,0x00000000efc00000)
  from space 3584K, 2% used [0x00000000efc00000,0x00000000efc18000,0x00000000eff80000)
  to   space 4096K, 0% used [0x00000000f3e00000,0x00000000f3e00000,0x00000000f4200000)
 ParOldGen       total 42496K, used 3203K [0x00000000c3a00000, 0x00000000c6380000, 0x00000000ebe00000)
  object space 42496K, 7% used [0x00000000c3a00000,0x00000000c3d20e10,0x00000000c6380000)
 Metaspace       used 14723K, capacity 14898K, committed 15104K, reserved 1062912K
  class space    used 1875K, capacity 1959K, committed 2048K, reserved 1048576K
Event: 6.725 GC heap after
Heap after GC invocations=8 (full 0):
 PSYoungGen      total 131072K, used 64K [0x00000000ebe00000, 0x00000000f4200000, 0x0000000100000000)
  eden space 126976K, 0% used [0x00000000ebe00000,0x00000000ebe00000,0x00000000f3a00000)
  from space 4096K, 1% used [0x00000000f3e00000,0x00000000f3e10000,0x00000000f4200000)
  to   space 4096K, 0% used [0x00000000f3a00000,0x00000000f3a00000,0x00000000f3e00000)
 ParOldGen       total 42496K, used 3211K [0x00000000c3a00000, 0x00000000c6380000, 0x00000000ebe00000)
  object space 42496K, 7% used [0x00000000c3a00000,0x00000000c3d22e10,0x00000000c6380000)
 Metaspace       used 14723K, capacity 14898K, committed 15104K, reserved 1062912K
  class space    used 1875K, capacity 1959K, committed 2048K, reserved 1048576K
}
Event: 7.617 GC heap before
{Heap before GC invocations=9 (full 0):
 PSYoungGen      total 131072K, used 127040K [0x00000000ebe00000, 0x00000000f4200000, 0x0000000100000000)
  eden space 126976K, 100% used [0x00000000ebe00000,0x00000000f3a00000,0x00000000f3a00000)
  from space 4096K, 1% used [0x00000000f3e00000,0x00000000f3e10000,0x00000000f4200000)
  to   space 4096K, 0% used [0x00000000f3a00000,0x00000000f3a00000,0x00000000f3e00000)
 ParOldGen       total 42496K, used 3211K [0x00000000c3a00000, 0x00000000c6380000, 0x00000000ebe00000)
  object space 42496K, 7% used [0x00000000c3a00000,0x00000000c3d22e10,0x00000000c6380000)
 Metaspace       used 14723K, capacity 14898K, committed 15104K, reserved 1062912K
  class space    used 1875K, capacity 1959K, committed 2048K, reserved 1048576K
Event: 7.622 GC heap after
Heap after GC invocations=9 (full 0):
 PSYoungGen      total 131072K, used 64K [0x00000000ebe00000, 0x00000000f8c80000, 0x0000000100000000)
  eden space 126976K, 0% used [0x00000000ebe00000,0x00000000ebe00000,0x00000000f3a00000)
  from space 4096K, 1% used [0x00000000f3a00000,0x00000000f3a10000,0x00000000f3e00000)
  to   space 4096K, 0% used [0x00000000f8880000,0x00000000f8880000,0x00000000f8c80000)
 ParOldGen       total 42496K, used 3211K [0x00000000c3a00000, 0x00000000c6380000, 0x00000000ebe00000)
  object space 42496K, 7% used [0x00000000c3a00000,0x00000000c3d22e10,0x00000000c6380000)
 Metaspace       used 14723K, capacity 14898K, committed 15104K, reserved 1062912K
  class space    used 1875K, capacity 1959K, committed 2048K, reserved 1048576K
}
Event: 8.224 GC heap before
{Heap before GC invocations=10 (full 0):
 PSYoungGen      total 131072K, used 127040K [0x00000000ebe00000, 0x00000000f8c80000, 0x0000000100000000)
  eden space 126976K, 100% used [0x00000000ebe00000,0x00000000f3a00000,0x00000000f3a00000)
  from space 4096K, 1% used [0x00000000f3a00000,0x00000000f3a10000,0x00000000f3e00000)
  to   space 4096K, 0% used [0x00000000f8880000,0x00000000f8880000,0x00000000f8c80000)
 ParOldGen       total 42496K, used 3211K [0x00000000c3a00000, 0x00000000c6380000, 0x00000000ebe00000)
  object space 42496K, 7% used [0x00000000c3a00000,0x00000000c3d22e10,0x00000000c6380000)
 Metaspace       used 14723K, capacity 14898K, committed 15104K, reserved 1062912K
  class space    used 1875K, capacity 1959K, committed 2048K, reserved 1048576K
Event: 8.232 GC heap after
Heap after GC invocations=10 (full 0):
 PSYoungGen      total 206848K, used 64K [0x00000000ebe00000, 0x00000000f8d80000, 0x0000000100000000)
  eden space 202752K, 0% used [0x00000000ebe00000,0x00000000ebe00000,0x00000000f8400000)
  from space 4096K, 1% used [0x00000000f8880000,0x00000000f8890000,0x00000000f8c80000)
  to   space 4608K, 0% used [0x00000000f8400000,0x00000000f8400000,0x00000000f8880000)
 ParOldGen       total 42496K, used 3219K [0x00000000c3a00000, 0x00000000c6380000, 0x00000000ebe00000)
  object space 42496K, 7% used [0x00000000c3a00000,0x00000000c3d24e10,0x00000000c6380000)
 Metaspace       used 14723K, capacity 14898K, committed 15104K, reserved 1062912K
  class space    used 1875K, capacity 1959K, committed 2048K, reserved 1048576K
}
Event: 9.563 GC heap before
{Heap before GC invocations=11 (full 0):
 PSYoungGen      total 206848K, used 202816K [0x00000000ebe00000, 0x00000000f8d80000, 0x0000000100000000)
  eden space 202752K, 100% used [0x00000000ebe00000,0x00000000f8400000,0x00000000f8400000)
  from space 4096K, 1% used [0x00000000f8880000,0x00000000f8890000,0x00000000f8c80000)
  to   space 4608K, 0% used [0x00000000f8400000,0x00000000f8400000,0x00000000f8880000)
 ParOldGen       total 42496K, used 3219K [0x00000000c3a00000, 0x00000000c6380000, 0x00000000ebe00000)
  object space 42496K, 7% used [0x00000000c3a00000,0x00000000c3d24e10,0x00000000c6380000)
 Metaspace       used 14723K, capacity 14898K, committed 15104K, reserved 1062912K
  class space    used 1875K, capacity 1959K, committed 2048K, reserved 1048576K

