# JRE version: Java(TM) SE Runtime Environment (8.0_111-b14) (build 1.8.0_111-b14)
# Java VM: Java HotSpot(TM) 64-Bit Server VM (25.111-b14 mixed mode linux-amd64 compressed oops)
Heap:
 PSYoungGen      total 131072K, used 128K [0x00000000ebe00000, 0x00000000f4200000, 0x0000000100000000)
  eden space 126976K, 0% used [0x00000000ebe00000,0x00000000ebe00000,0x00000000f3a00000)
  from space 4096K, 3% used [0x00000000f3a00000,0x00000000f3a20000,0x00000000f3e00000)
  to   space 4096K, 0% used [0x00000000f3e00000,0x00000000f3e00000,0x00000000f4200000)
 ParOldGen       total 42496K, used 3525K [0x00000000c3a00000, 0x00000000c6380000, 0x00000000ebe00000)
  object space 42496K, 8% used [0x00000000c3a00000,0x00000000c3d71408,0x00000000c6380000)
 Metaspace       used 15625K, capacity 15838K, committed 16256K, reserved 1062912K
  class space    used 1972K, capacity 2055K, committed 2176K, reserved 1048576K
GC Heap History (10 events):
Event: 25.709 GC heap after
Heap after GC invocations=4 (full 0):
 PSYoungGen      total 34304K, used 2528K [0x00000000ebe00000, 0x00000000ee200000, 0x0000000100000000)
  eden space 31744K, 0% used [0x00000000ebe00000,0x00000000ebe00000,0x00000000edd00000)
  from space 2560K, 98% used [0x00000000edf80000,0x00000000ee1f83b8,0x00000000ee200000)
  to   space 2560K, 0% used [0x00000000edd00000,0x00000000edd00000,0x00000000edf80000)
 ParOldGen       total 42496K, used 982K [0x00000000c3a00000, 0x00000000c6380000, 0x00000000ebe00000)
  object space 42496K, 2% used [0x00000000c3a00000,0x00000000c3af5b20,0x00000000c6380000)
 Metaspace       used 15553K, capacity 15766K, committed 16000K, reserved 1062912K
  class space    used 1972K, capacity 2055K, committed 2176K, reserved 1048576K
}
Event: 26.824 GC heap before
{Heap before GC invocations=5 (full 0):
 PSYoungGen      total 34304K, used 34272K [0x00000000ebe00000, 0x00000000ee200000, 0x0000000100000000)
  eden space 31744K, 100% used [0x00000000ebe00000,0x00000000edd00000,0x00000000edd00000)
  from space 2560K, 98% used [0x00000000edf80000,0x00000000ee1f83b8,0x00000000ee200000)
  to   space 2560K, 0% used [0x00000000edd00000,0x00000000edd00000,0x00000000edf80000)
 ParOldGen       total 42496K, used 982K [0x00000000c3a00000, 0x00000000c6380000, 0x00000000ebe00000)
  object space 42496K, 2% used [0x00000000c3a00000,0x00000000c3af5b20,0x00000000c6380000)
 Metaspace       used 15601K, capacity 15774K, committed 16000K, reserved 1062912K
  class space    used 1972K, capacity 2055K, committed 2176K, reserved 1048576K
Event: 26.873 GC heap after
Heap after GC invocations=5 (full 0):
 PSYoungGen      total 34304K, used 2530K [0x00000000ebe00000, 0x00000000f0300000, 0x0000000100000000)
  eden space 31744K, 0% used [0x00000000ebe00000,0x00000000ebe00000,0x00000000edd00000)
  from space 2560K, 98% used [0x00000000edd00000,0x00000000edf78be8,0x00000000edf80000)
  to   space 3584K, 0% used [0x00000000eff80000,0x00000000eff80000,0x00000000f0300000)
 ParOldGen       total 42496K, used 998K [0x00000000c3a00000, 0x00000000c6380000, 0x00000000ebe00000)
  object space 42496K, 2% used [0x00000000c3a00000,0x00000000c3af9b20,0x00000000c6380000)
 Metaspace       used 15601K, capacity 15774K, committed 16000K, reserved 1062912K
  class space    used 1972K, capacity 2055K, committed 2176K, reserved 1048576K
}
Event: 27.916 GC heap before
{Heap before GC invocations=6 (full 0):
 PSYoungGen      total 34304K, used 34274K [0x00000000ebe00000, 0x00000000f0300000, 0x0000000100000000)
  eden space 31744K, 100% used [0x00000000ebe00000,0x00000000edd00000,0x00000000edd00000)
  from space 2560K, 98% used [0x00000000edd00000,0x00000000edf78be8,0x00000000edf80000)
  to   space 3584K, 0% used [0x00000000eff80000,0x00000000eff80000,0x00000000f0300000)
 ParOldGen       total 42496K, used 998K [0x00000000c3a00000, 0x00000000c6380000, 0x00000000ebe00000)
  object space 42496K, 2% used [0x00000000c3a00000,0x00000000c3af9b20,0x00000000c6380000)
 Metaspace       used 15611K, capacity 15838K, committed 16256K, reserved 1062912K
  class space    used 1972K, capacity 2055K, committed 2176K, reserved 1048576K
Event: 28.117 GC heap after
Heap after GC invocations=6 (full 0):
 PSYoungGen      total 67072K, used 2532K [0x00000000ebe00000, 0x00000000f0300000, 0x0000000100000000)
  eden space 63488K, 0% used [0x00000000ebe00000,0x00000000ebe00000,0x00000000efc00000)
  from space 3584K, 70% used [0x00000000eff80000,0x00000000f01f93f8,0x00000000f0300000)
  to   space 3584K, 0% used [0x00000000efc00000,0x00000000efc00000,0x00000000eff80000)
 ParOldGen       total 42496K, used 1006K [0x00000000c3a00000, 0x00000000c6380000, 0x00000000ebe00000)
  object space 42496K, 2% used [0x00000000c3a00000,0x00000000c3afbb20,0x00000000c6380000)
 Metaspace       used 15611K, capacity 15838K, committed 16256K, reserved 1062912K
  class space    used 1972K, capacity 2055K, committed 2176K, reserved 1048576K
}
Event: 29.452 GC heap before
{Heap before GC invocations=7 (full 0):
 PSYoungGen      total 67072K, used 66020K [0x00000000ebe00000, 0x00000000f0300000, 0x0000000100000000)
  eden space 63488K, 100% used [0x00000000ebe00000,0x00000000efc00000,0x00000000efc00000)
  from space 3584K, 70% used [0x00000000eff80000,0x00000000f01f93f8,0x00000000f0300000)
  to   space 3584K, 0% used [0x00000000efc00000,0x00000000efc00000,0x00000000eff80000)
 ParOldGen       total 42496K, used 1006K [0x00000000c3a00000, 0x00000000c6380000, 0x00000000ebe00000)
  object space 42496K, 2% used [0x00000000c3a00000,0x00000000c3afbb20,0x00000000c6380000)
 Metaspace       used 15613K, capacity 15838K, committed 16256K, reserved 1062912K
  class space    used 1972K, capacity 2055K, committed 2176K, reserved 1048576K
Event: 29.470 GC heap after
Heap after GC invocations=7 (full 0):
 PSYoungGen      total 67072K, used 160K [0x00000000ebe00000, 0x00000000f4200000, 0x0000000100000000)
  eden space 63488K, 0% used [0x00000000ebe00000,0x00000000ebe00000,0x00000000efc00000)
  from space 3584K, 4% used [0x00000000efc00000,0x00000000efc28000,0x00000000eff80000)
  to   space 4096K, 0% used [0x00000000f3e00000,0x00000000f3e00000,0x00000000f4200000)
 ParOldGen       total 42496K, used 3444K [0x00000000c3a00000, 0x00000000c6380000, 0x00000000ebe00000)
  object space 42496K, 8% used [0x00000000c3a00000,0x00000000c3d5d088,0x00000000c6380000)
 Metaspace       used 15613K, capacity 15838K, committed 16256K, reserved 1062912K
  class space    used 1972K, capacity 2055K, committed 2176K, reserved 1048576K
}
Event: 30.011 GC heap before
{Heap before GC invocations=8 (full 0):
 PSYoungGen      total 67072K, used 63648K [0x00000000ebe00000, 0x00000000f4200000, 0x0000000100000000)
  eden space 63488K, 100% used [0x00000000ebe00000,0x00000000efc00000,0x00000000efc00000)
  from space 3584K, 4% used [0x00000000efc00000,0x00000000efc28000,0x00000000eff80000)
  to   space 4096K, 0% used [0x00000000f3e00000,0x00000000f3e00000,0x00000000f4200000)
 ParOldGen       total 42496K, used 3444K [0x00000000c3a00000, 0x00000000c6380000, 0x00000000ebe00000)
  object space 42496K, 8% used [0x00000000c3a00000,0x00000000c3d5d088,0x00000000c6380000)
 Metaspace       used 15616K, capacity 15838K, committed 16256K, reserved 1062912K
  class space    used 1972K, capacity 2055K, committed 2176K, reserved 1048576K
Event: 30.078 GC heap after
Heap after GC invocations=8 (full 0):
 PSYoungGen      total 131072K, used 160K [0x00000000ebe00000, 0x00000000f4200000, 0x0000000100000000)
  eden space 126976K, 0% used [0x00000000ebe00000,0x00000000ebe00000,0x00000000f3a00000)
  from space 4096K, 3% used [0x00000000f3e00000,0x00000000f3e28000,0x00000000f4200000)
  to   space 4096K, 0% used [0x00000000f3a00000,0x00000000f3a00000,0x00000000f3e00000)
 ParOldGen       total 42496K, used 3476K [0x00000000c3a00000, 0x00000000c6380000, 0x00000000ebe00000)
  object space 42496K, 8% used [0x00000000c3a00000,0x00000000c3d65088,0x00000000c6380000)
 Metaspace       used 15616K, capacity 15838K, committed 16256K, reserved 1062912K
  class space    used 1972K, capacity 2055K, committed 2176K, reserved 1048576K
}
Event: 31.648 GC heap before
{Heap before GC invocations=9 (full 0):
 PSYoungGen      total 131072K, used 127136K [0x00000000ebe00000, 0x00000000f4200000, 0x0000000100000000)
  eden space 126976K, 100% used [0x00000000ebe00000,0x00000000f3a00000,0x00000000f3a00000)
  from space 4096K, 3% used [0x00000000f3e00000,0x00000000f3e28000,0x00000000f4200000)
  to   space 4096K, 0% used [0x00000000f3a00000,0x00000000f3a00000,0x00000000f3e00000)
 ParOldGen       total 42496K, used 3476K [0x00000000c3a00000, 0x00000000c6380000, 0x00000000ebe00000)
  object space 42496K, 8% used [0x00000000c3a00000,0x00000000c3d65088,0x00000000c6380000)
 Metaspace       used 15625K, capacity 15838K, committed 16256K, reserved 1062912K
  class space    used 1972K, capacity 2055K, committed 2176K, reserved 1048576K

