# JRE version: Java(TM) SE Runtime Environment (8.0_111-b14) (build 1.8.0_111-b14)
# Java VM: Java HotSpot(TM) 64-Bit Server VM (25.111-b14 mixed mode linux-amd64 compressed oops)
Heap:
 PSYoungGen      total 206848K, used 96K [0x00000000ebe00000, 0x00000000f8c00000, 0x0000000100000000)
  eden space 202752K, 0% used [0x00000000ebe00000,0x00000000ebe00000,0x00000000f8400000)
  from space 4096K, 2% used [0x00000000f8400000,0x00000000f8418000,0x00000000f8800000)
  to   space 4096K, 0% used [0x00000000f8800000,0x00000000f8800000,0x00000000f8c00000)
 ParOldGen       total 42496K, used 2976K [0x00000000c3a00000, 0x00000000c6380000, 0x00000000ebe00000)
  object space 42496K, 7% used [0x00000000c3a00000,0x00000000c3ce8390,0x00000000c6380000)
 Metaspace       used 14052K, capacity 14224K, committed 14464K, reserved 1062912K
  class space    used 1780K, capacity 1866K, committed 1920K, reserved 1048576K
GC Heap History (10 events):
Event: 7.016 GC heap after
Heap after GC invocations=6 (full 0):
 PSYoungGen      total 66560K, used 2578K [0x00000000ebe00000, 0x00000000f0200000, 0x0000000100000000)
  eden space 63488K, 0% used [0x00000000ebe00000,0x00000000ebe00000,0x00000000efc00000)
  from space 3072K, 83% used [0x00000000eff00000,0x00000000f0184bf8,0x00000000f0200000)
  to   space 3072K, 0% used [0x00000000efc00000,0x00000000efc00000,0x00000000eff00000)
 ParOldGen       total 42496K, used 393K [0x00000000c3a00000, 0x00000000c6380000, 0x00000000ebe00000)
  object space 42496K, 0% used [0x00000000c3a00000,0x00000000c3a62760,0x00000000c6380000)
 Metaspace       used 14049K, capacity 14224K, committed 14464K, reserved 1062912K
  class space    used 1780K, capacity 1866K, committed 1920K, reserved 1048576K
}
Event: 7.156 GC heap before
{Heap before GC invocations=7 (full 0):
 PSYoungGen      total 66560K, used 66066K [0x00000000ebe00000, 0x00000000f0200000, 0x0000000100000000)
  eden space 63488K, 100% used [0x00000000ebe00000,0x00000000efc00000,0x00000000efc00000)
  from space 3072K, 83% used [0x00000000eff00000,0x00000000f0184bf8,0x00000000f0200000)
  to   space 3072K, 0% used [0x00000000efc00000,0x00000000efc00000,0x00000000eff00000)
 ParOldGen       total 42496K, used 393K [0x00000000c3a00000, 0x00000000c6380000, 0x00000000ebe00000)
  object space 42496K, 0% used [0x00000000c3a00000,0x00000000c3a62760,0x00000000c6380000)
 Metaspace       used 14049K, capacity 14224K, committed 14464K, reserved 1062912K
  class space    used 1780K, capacity 1866K, committed 1920K, reserved 1048576K
Event: 7.162 GC heap after
Heap after GC invocations=7 (full 0):
 PSYoungGen      total 66560K, used 128K [0x00000000ebe00000, 0x00000000f4100000, 0x0000000100000000)
  eden space 63488K, 0% used [0x00000000ebe00000,0x00000000ebe00000,0x00000000efc00000)
  from space 3072K, 4% used [0x00000000efc00000,0x00000000efc20010,0x00000000eff00000)
  to   space 3584K, 0% used [0x00000000f3d80000,0x00000000f3d80000,0x00000000f4100000)
 ParOldGen       total 42496K, used 2864K [0x00000000c3a00000, 0x00000000c6380000, 0x00000000ebe00000)
  object space 42496K, 6% used [0x00000000c3a00000,0x00000000c3ccc380,0x00000000c6380000)
 Metaspace       used 14049K, capacity 14224K, committed 14464K, reserved 1062912K
  class space    used 1780K, capacity 1866K, committed 1920K, reserved 1048576K
}
Event: 7.306 GC heap before
{Heap before GC invocations=8 (full 0):
 PSYoungGen      total 66560K, used 63616K [0x00000000ebe00000, 0x00000000f4100000, 0x0000000100000000)
  eden space 63488K, 100% used [0x00000000ebe00000,0x00000000efc00000,0x00000000efc00000)
  from space 3072K, 4% used [0x00000000efc00000,0x00000000efc20010,0x00000000eff00000)
  to   space 3584K, 0% used [0x00000000f3d80000,0x00000000f3d80000,0x00000000f4100000)
 ParOldGen       total 42496K, used 2864K [0x00000000c3a00000, 0x00000000c6380000, 0x00000000ebe00000)
  object space 42496K, 6% used [0x00000000c3a00000,0x00000000c3ccc380,0x00000000c6380000)
 Metaspace       used 14050K, capacity 14224K, committed 14464K, reserved 1062912K
  class space    used 1780K, capacity 1866K, committed 1920K, reserved 1048576K
Event: 7.311 GC heap after
Heap after GC invocations=8 (full 0):
 PSYoungGen      total 130048K, used 128K [0x00000000ebe00000, 0x00000000f4200000, 0x0000000100000000)
  eden space 126464K, 0% used [0x00000000ebe00000,0x00000000ebe00000,0x00000000f3980000)
  from space 3584K, 3% used [0x00000000f3d80000,0x00000000f3da0010,0x00000000f4100000)
  to   space 4096K, 0% used [0x00000000f3980000,0x00000000f3980000,0x00000000f3d80000)
 ParOldGen       total 42496K, used 2888K [0x00000000c3a00000, 0x00000000c6380000, 0x00000000ebe00000)
  object space 42496K, 6% used [0x00000000c3a00000,0x00000000c3cd2380,0x00000000c6380000)
 Metaspace       used 14050K, capacity 14224K, committed 14464K, reserved 1062912K
  class space    used 1780K, capacity 1866K, committed 1920K, reserved 1048576K
}
Event: 7.458 GC heap before
{Heap before GC invocations=9 (full 0):
 PSYoungGen      total 130048K, used 126592K [0x00000000ebe00000, 0x00000000f4200000, 0x0000000100000000)
  eden space 126464K, 100% used [0x00000000ebe00000,0x00000000f3980000,0x00000000f3980000)
  from space 3584K, 3% used [0x00000000f3d80000,0x00000000f3da0010,0x00000000f4100000)
  to   space 4096K, 0% used [0x00000000f3980000,0x00000000f3980000,0x00000000f3d80000)
 ParOldGen       total 42496K, used 2888K [0x00000000c3a00000, 0x00000000c6380000, 0x00000000ebe00000)
  object space 42496K, 6% used [0x00000000c3a00000,0x00000000c3cd2380,0x00000000c6380000)
 Metaspace       used 14050K, capacity 14224K, committed 14464K, reserved 1062912K
  class space    used 1780K, capacity 1866K, committed 1920K, reserved 1048576K
Event: 7.460 GC heap after
Heap after GC invocations=9 (full 0):
 PSYoungGen      total 130560K, used 32K [0x00000000ebe00000, 0x00000000f8c00000, 0x0000000100000000)
  eden space 126464K, 0% used [0x00000000ebe00000,0x00000000ebe00000,0x00000000f3980000)
  from space 4096K, 0% used [0x00000000f3980000,0x00000000f3988000,0x00000000f3d80000)
  to   space 4096K, 0% used [0x00000000f8800000,0x00000000f8800000,0x00000000f8c00000)
 ParOldGen       total 42496K, used 2944K [0x00000000c3a00000, 0x00000000c6380000, 0x00000000ebe00000)
  object space 42496K, 6% used [0x00000000c3a00000,0x00000000c3ce0390,0x00000000c6380000)
 Metaspace       used 14050K, capacity 14224K, committed 14464K, reserved 1062912K
  class space    used 1780K, capacity 1866K, committed 1920K, reserved 1048576K
}
Event: 7.536 GC heap before
{Heap before GC invocations=10 (full 0):
 PSYoungGen      total 130560K, used 126496K [0x00000000ebe00000, 0x00000000f8c00000, 0x0000000100000000)
  eden space 126464K, 100% used [0x00000000ebe00000,0x00000000f3980000,0x00000000f3980000)
  from space 4096K, 0% used [0x00000000f3980000,0x00000000f3988000,0x00000000f3d80000)
  to   space 4096K, 0% used [0x00000000f8800000,0x00000000f8800000,0x00000000f8c00000)
 ParOldGen       total 42496K, used 2944K [0x00000000c3a00000, 0x00000000c6380000, 0x00000000ebe00000)
  object space 42496K, 6% used [0x00000000c3a00000,0x00000000c3ce0390,0x00000000c6380000)
 Metaspace       used 14051K, capacity 14224K, committed 14464K, reserved 1062912K
  class space    used 1780K, capacity 1866K, committed 1920K, reserved 1048576K
Event: 7.537 GC heap after
Heap after GC invocations=10 (full 0):
 PSYoungGen      total 206848K, used 32K [0x00000000ebe00000, 0x00000000f8c00000, 0x0000000100000000)
  eden space 202752K, 0% used [0x00000000ebe00000,0x00000000ebe00000,0x00000000f8400000)
  from space 4096K, 0% used [0x00000000f8800000,0x00000000f8808000,0x00000000f8c00000)
  to   space 4096K, 0% used [0x00000000f8400000,0x00000000f8400000,0x00000000f8800000)
 ParOldGen       total 42496K, used 2960K [0x00000000c3a00000, 0x00000000c6380000, 0x00000000ebe00000)
  object space 42496K, 6% used [0x00000000c3a00000,0x00000000c3ce4390,0x00000000c6380000)
 Metaspace       used 14051K, capacity 14224K, committed 14464K, reserved 1062912K
  class space    used 1780K, capacity 1866K, committed 1920K, reserved 1048576K
}
Event: 7.709 GC heap before
{Heap before GC invocations=11 (full 0):
 PSYoungGen      total 206848K, used 202784K [0x00000000ebe00000, 0x00000000f8c00000, 0x0000000100000000)
  eden space 202752K, 100% used [0x00000000ebe00000,0x00000000f8400000,0x00000000f8400000)
  from space 4096K, 0% used [0x00000000f8800000,0x00000000f8808000,0x00000000f8c00000)
  to   space 4096K, 0% used [0x00000000f8400000,0x00000000f8400000,0x00000000f8800000)
 ParOldGen       total 42496K, used 2960K [0x00000000c3a00000, 0x00000000c6380000, 0x00000000ebe00000)
  object space 42496K, 6% used [0x00000000c3a00000,0x00000000c3ce4390,0x00000000c6380000)
 Metaspace       used 14052K, capacity 14224K, committed 14464K, reserved 1062912K
  class space    used 1780K, capacity 1866K, committed 1920K, reserved 1048576K

